CRITICAL - 2023-12-14 00:59:06 --> The framework needs the following extension(s) installed and loaded: intl.
in SYSTEMPATH\CodeIgniter.php on line 252.
 1 SYSTEMPATH\CodeIgniter.php(252): CodeIgniter\Exceptions\FrameworkException::forMissingExtension('intl')
 2 SYSTEMPATH\CodeIgniter.php(214): CodeIgniter\CodeIgniter->resolvePlatformExtensions()
 3 ROOTPATH\spark(88): CodeIgniter\CodeIgniter->initialize()
CRITICAL - 2023-12-14 00:59:07 --> Uncaught Error: Class 'Locale' not found in D:\xamp\htdocs\Codeignetor-Backend\system\I18n\TimeTrait.php:74
Stack trace:
#0 D:\xamp\htdocs\Codeignetor-Backend\system\I18n\TimeTrait.php(115): CodeIgniter\I18n\Time->__construct(NULL, NULL, NULL)
#1 D:\xamp\htdocs\Codeignetor-Backend\system\HTTP\ResponseTrait.php(468): CodeIgniter\I18n\Time::now()
#2 D:\xamp\htdocs\Codeignetor-Backend\system\HTTP\ResponseTrait.php(446): CodeIgniter\HTTP\Response->sendHeaders()
#3 D:\xamp\htdocs\Codeignetor-Backend\system\Debug\ExceptionHandler.php(81): CodeIgniter\HTTP\Response->send()
#4 D:\xamp\htdocs\Codeignetor-Backend\system\Debug\Exceptions.php(149): CodeIgniter\Debug\ExceptionHandler->handle(Object(CodeIgniter\Exceptions\FrameworkException), Object(CodeIgniter\HTTP\IncomingRequest), Object(CodeIgniter\HTTP\Response), 500, 1)
#5 [internal function]: CodeIgniter\Debug\Exceptions->exceptionHandler(Object(CodeIgniter\Exceptions\FrameworkException))
#6 {main}
  thrown
【Previous Exception】
CodeIgniter\Exceptions\FrameworkException
The framework needs the following extension(s) installed and loaded: intl.
#0 D:\xamp\htdocs\Codeignetor-Backend\system\CodeIgniter.php(252): CodeIgniter\Exceptions\FrameworkException::forMissingExtension('intl')
#1 D:\xamp\htdocs\Codeignetor-Backend\system\CodeIgniter.php(214): CodeIgniter\CodeIgniter->resolvePlatformExtensions()
#2 D:\xamp\htdocs\Codeignetor-Backend\spark(88): CodeIgniter\CodeIgniter->initialize()
#3 {main}
in SYSTEMPATH\I18n\TimeTrait.php on line 74.
 1 [internal function]: CodeIgniter\Debug\Exceptions->shutdownHandler()
INFO - 2023-12-14 00:01:22 --> Session: Class initialized using 'CodeIgniter\Session\Handlers\FileHandler' driver.
INFO - 2023-12-14 00:01:22 --> Session: Class initialized using 'CodeIgniter\Session\Handlers\FileHandler' driver.
INFO - 2023-12-14 00:02:07 --> Session: Class initialized using 'CodeIgniter\Session\Handlers\FileHandler' driver.
ERROR - 2023-12-14 00:02:08 --> Error connecting to the database: mysqli_sql_exception: Unknown database 'ci_project1' in D:\xamp\htdocs\Codeignetor-Backend\system\Database\MySQLi\Connection.php:185
Stack trace:
#0 D:\xamp\htdocs\Codeignetor-Backend\system\Database\MySQLi\Connection.php(185): mysqli->real_connect('localhost', 'root', '', 'ci_project1', 3306, '', 0)
#1 D:\xamp\htdocs\Codeignetor-Backend\system\Database\BaseConnection.php(392): CodeIgniter\Database\MySQLi\Connection->connect(false)
#2 D:\xamp\htdocs\Codeignetor-Backend\system\Database\BaseConnection.php(575): CodeIgniter\Database\BaseConnection->initialize()
#3 D:\xamp\htdocs\Codeignetor-Backend\system\Database\BaseBuilder.php(1615): CodeIgniter\Database\BaseConnection->query('SELECT *\nFROM `...', Array, false)
#4 D:\xamp\htdocs\Codeignetor-Backend\system\Model.php(264): CodeIgniter\Database\BaseBuilder->get()
#5 D:\xamp\htdocs\Codeignetor-Backend\system\BaseModel.php(662): CodeIgniter\Model->doFirst()
#6 D:\xamp\htdocs\Codeignetor-Backend\app\Controllers\LoginController.php(24): CodeIgniter\BaseModel->first()
#7 D:\xamp\htdocs\Codeignetor-Backend\system\CodeIgniter.php(942): App\Controllers\LoginController->login()
#8 D:\xamp\htdocs\Codeignetor-Backend\system\CodeIgniter.php(502): CodeIgniter\CodeIgniter->runController(Object(App\Controllers\LoginController))
#9 D:\xamp\htdocs\Codeignetor-Backend\system\CodeIgniter.php(361): CodeIgniter\CodeIgniter->handleRequest(NULL, Object(Config\Cache), false)
#10 D:\xamp\htdocs\Codeignetor-Backend\public\index.php(79): CodeIgniter\CodeIgniter->run()
#11 D:\xamp\htdocs\Codeignetor-Backend\system\Commands\Server\rewrite.php(47): require_once('D:\\xamp\\htdocs\\...')
#12 {main}

Next CodeIgniter\Database\Exceptions\DatabaseException: Unknown database 'ci_project1' in D:\xamp\htdocs\Codeignetor-Backend\system\Database\MySQLi\Connection.php:229
Stack trace:
#0 D:\xamp\htdocs\Codeignetor-Backend\system\Database\BaseConnection.php(392): CodeIgniter\Database\MySQLi\Connection->connect(false)
#1 D:\xamp\htdocs\Codeignetor-Backend\system\Database\BaseConnection.php(575): CodeIgniter\Database\BaseConnection->initialize()
#2 D:\xamp\htdocs\Codeignetor-Backend\system\Database\BaseBuilder.php(1615): CodeIgniter\Database\BaseConnection->query('SELECT *\nFROM `...', Array, false)
#3 D:\xamp\htdocs\Codeignetor-Backend\system\Model.php(264): CodeIgniter\Database\BaseBuilder->get()
#4 D:\xamp\htdocs\Codeignetor-Backend\system\BaseModel.php(662): CodeIgniter\Model->doFirst()
#5 D:\xamp\htdocs\Codeignetor-Backend\app\Controllers\LoginController.php(24): CodeIgniter\BaseModel->first()
#6 D:\xamp\htdocs\Codeignetor-Backend\system\CodeIgniter.php(942): App\Controllers\LoginController->login()
#7 D:\xamp\htdocs\Codeignetor-Backend\system\CodeIgniter.php(502): CodeIgniter\CodeIgniter->runController(Object(App\Controllers\LoginController))
#8 D:\xamp\htdocs\Codeignetor-Backend\system\CodeIgniter.php(361): CodeIgniter\CodeIgniter->handleRequest(NULL, Object(Config\Cache), false)
#9 D:\xamp\htdocs\Codeignetor-Backend\public\index.php(79): CodeIgniter\CodeIgniter->run()
#10 D:\xamp\htdocs\Codeignetor-Backend\system\Commands\Server\rewrite.php(47): require_once('D:\\xamp\\htdocs\\...')
#11 {main}
CRITICAL - 2023-12-14 00:02:08 --> Unable to connect to the database.
Main connection [MySQLi]: Unknown database 'ci_project1'
in SYSTEMPATH\Database\BaseConnection.php on line 428.
 1 SYSTEMPATH\Database\BaseConnection.php(575): CodeIgniter\Database\BaseConnection->initialize()
 2 SYSTEMPATH\Database\BaseBuilder.php(1615): CodeIgniter\Database\BaseConnection->query('SELECT *
FROM `users`
WHERE `email` = :email:
 LIMIT 1', [...], false)
 3 SYSTEMPATH\Model.php(264): CodeIgniter\Database\BaseBuilder->get()
 4 SYSTEMPATH\BaseModel.php(662): CodeIgniter\Model->doFirst()
 5 APPPATH\Controllers\LoginController.php(24): CodeIgniter\BaseModel->first()
 6 SYSTEMPATH\CodeIgniter.php(942): App\Controllers\LoginController->login()
 7 SYSTEMPATH\CodeIgniter.php(502): CodeIgniter\CodeIgniter->runController(Object(App\Controllers\LoginController))
 8 SYSTEMPATH\CodeIgniter.php(361): CodeIgniter\CodeIgniter->handleRequest(null, Object(Config\Cache), false)
 9 FCPATH\index.php(79): CodeIgniter\CodeIgniter->run()
10 SYSTEMPATH\Commands\Server\rewrite.php(47): require_once('D:\\xamp\\htdocs\\Codeignetor-Backend\\public\\index.php')
INFO - 2023-12-14 00:04:40 --> Session: Class initialized using 'CodeIgniter\Session\Handlers\FileHandler' driver.
INFO - 2023-12-14 00:04:40 --> Session: Class initialized using 'CodeIgniter\Session\Handlers\FileHandler' driver.
INFO - 2023-12-14 00:04:49 --> Session: Class initialized using 'CodeIgniter\Session\Handlers\FileHandler' driver.
INFO - 2023-12-14 00:05:00 --> Session: Class initialized using 'CodeIgniter\Session\Handlers\FileHandler' driver.
INFO - 2023-12-14 00:05:05 --> Session: Class initialized using 'CodeIgniter\Session\Handlers\FileHandler' driver.
INFO - 2023-12-14 13:17:29 --> Session: Class initialized using 'CodeIgniter\Session\Handlers\FileHandler' driver.
INFO - 2023-12-14 13:17:29 --> Session: Class initialized using 'CodeIgniter\Session\Handlers\FileHandler' driver.
INFO - 2023-12-14 13:17:52 --> Session: Class initialized using 'CodeIgniter\Session\Handlers\FileHandler' driver.
INFO - 2023-12-14 13:17:53 --> Session: Class initialized using 'CodeIgniter\Session\Handlers\FileHandler' driver.
INFO - 2023-12-14 13:18:28 --> Session: Class initialized using 'CodeIgniter\Session\Handlers\FileHandler' driver.
INFO - 2023-12-14 13:28:45 --> Session: Class initialized using 'CodeIgniter\Session\Handlers\FileHandler' driver.
INFO - 2023-12-14 13:29:28 --> Session: Class initialized using 'CodeIgniter\Session\Handlers\FileHandler' driver.
INFO - 2023-12-14 13:30:10 --> Session: Class initialized using 'CodeIgniter\Session\Handlers\FileHandler' driver.
INFO - 2023-12-14 13:30:10 --> Session: Class initialized using 'CodeIgniter\Session\Handlers\FileHandler' driver.
INFO - 2023-12-14 13:31:30 --> Session: Class initialized using 'CodeIgniter\Session\Handlers\FileHandler' driver.
