INFO - 2023-12-21 03:10:05 --> Session: Class initialized using 'CodeIgniter\Session\Handlers\FileHandler' driver.
INFO - 2023-12-21 03:10:06 --> Session: Class initialized using 'CodeIgniter\Session\Handlers\FileHandler' driver.
INFO - 2023-12-21 03:10:17 --> Session: Class initialized using 'CodeIgniter\Session\Handlers\FileHandler' driver.
INFO - 2023-12-21 03:10:18 --> Session: Class initialized using 'CodeIgniter\Session\Handlers\FileHandler' driver.
INFO - 2023-12-21 03:10:25 --> Session: Class initialized using 'CodeIgniter\Session\Handlers\FileHandler' driver.
INFO - 2023-12-21 03:10:26 --> Session: Class initialized using 'CodeIgniter\Session\Handlers\FileHandler' driver.
INFO - 2023-12-21 03:10:33 --> Session: Class initialized using 'CodeIgniter\Session\Handlers\FileHandler' driver.
INFO - 2023-12-21 03:10:33 --> Session: Class initialized using 'CodeIgniter\Session\Handlers\FileHandler' driver.
INFO - 2023-12-21 03:10:44 --> Session: Class initialized using 'CodeIgniter\Session\Handlers\FileHandler' driver.
INFO - 2023-12-21 03:10:44 --> Session: Class initialized using 'CodeIgniter\Session\Handlers\FileHandler' driver.
INFO - 2023-12-21 03:10:57 --> Session: Class initialized using 'CodeIgniter\Session\Handlers\FileHandler' driver.
INFO - 2023-12-21 03:10:57 --> Session: Class initialized using 'CodeIgniter\Session\Handlers\FileHandler' driver.
INFO - 2023-12-21 04:40:08 --> Session: Class initialized using 'CodeIgniter\Session\Handlers\FileHandler' driver.
INFO - 2023-12-21 04:40:39 --> Session: Class initialized using 'CodeIgniter\Session\Handlers\FileHandler' driver.
INFO - 2023-12-21 04:41:17 --> Session: Class initialized using 'CodeIgniter\Session\Handlers\FileHandler' driver.
INFO - 2023-12-21 04:46:26 --> Session: Class initialized using 'CodeIgniter\Session\Handlers\FileHandler' driver.
ERROR - 2023-12-21 04:46:30 --> mysqli_sql_exception: Unknown column 'products.product_id' in 'where clause' in D:\new server\xampp\htdocs\codeignator_project\codeigniter\Codeignetor-Backend\system\Database\MySQLi\Connection.php:306
Stack trace:
#0 D:\new server\xampp\htdocs\codeignator_project\codeigniter\Codeignetor-Backend\system\Database\MySQLi\Connection.php(306): mysqli->query('SELECT *\nFROM `...', 0)
#1 D:\new server\xampp\htdocs\codeignator_project\codeigniter\Codeignetor-Backend\system\Database\BaseConnection.php(693): CodeIgniter\Database\MySQLi\Connection->execute('SELECT *\nFROM `...')
#2 D:\new server\xampp\htdocs\codeignator_project\codeigniter\Codeignetor-Backend\system\Database\BaseConnection.php(607): CodeIgniter\Database\BaseConnection->simpleQuery('SELECT *\nFROM `...')
#3 D:\new server\xampp\htdocs\codeignator_project\codeigniter\Codeignetor-Backend\system\Database\BaseBuilder.php(1615): CodeIgniter\Database\BaseConnection->query('SELECT *\nFROM `...', Array, false)
#4 D:\new server\xampp\htdocs\codeignator_project\codeigniter\Codeignetor-Backend\system\Model.php(196): CodeIgniter\Database\BaseBuilder->get()
#5 D:\new server\xampp\htdocs\codeignator_project\codeigniter\Codeignetor-Backend\system\BaseModel.php(563): CodeIgniter\Model->doFind(true, '3')
#6 D:\new server\xampp\htdocs\codeignator_project\codeigniter\Codeignetor-Backend\app\Controllers\ProductController.php(42): CodeIgniter\BaseModel->find('3')
#7 D:\new server\xampp\htdocs\codeignator_project\codeigniter\Codeignetor-Backend\system\CodeIgniter.php(942): App\Controllers\ProductController->edit('3')
#8 D:\new server\xampp\htdocs\codeignator_project\codeigniter\Codeignetor-Backend\system\CodeIgniter.php(502): CodeIgniter\CodeIgniter->runController(Object(App\Controllers\ProductController))
#9 D:\new server\xampp\htdocs\codeignator_project\codeigniter\Codeignetor-Backend\system\CodeIgniter.php(361): CodeIgniter\CodeIgniter->handleRequest(NULL, Object(Config\Cache), false)
#10 D:\new server\xampp\htdocs\codeignator_project\codeigniter\Codeignetor-Backend\public\index.php(79): CodeIgniter\CodeIgniter->run()
#11 D:\new server\xampp\htdocs\codeignator_project\codeigniter\Codeignetor-Backend\system\Commands\Server\rewrite.php(47): require_once('D:\\new server\\x...')
#12 {main}
CRITICAL - 2023-12-21 04:46:30 --> Unknown column 'products.product_id' in 'where clause'
in SYSTEMPATH\Database\BaseConnection.php on line 647.
 1 SYSTEMPATH\Database\BaseBuilder.php(1615): CodeIgniter\Database\BaseConnection->query('SELECT *
FROM `products`
WHERE `products`.`product_id` = :products.product_id:', [...], false)
 2 SYSTEMPATH\Model.php(196): CodeIgniter\Database\BaseBuilder->get()
 3 SYSTEMPATH\BaseModel.php(563): CodeIgniter\Model->doFind(true, '3')
 4 APPPATH\Controllers\ProductController.php(42): CodeIgniter\BaseModel->find('3')
 5 SYSTEMPATH\CodeIgniter.php(942): App\Controllers\ProductController->edit('3')
 6 SYSTEMPATH\CodeIgniter.php(502): CodeIgniter\CodeIgniter->runController(Object(App\Controllers\ProductController))
 7 SYSTEMPATH\CodeIgniter.php(361): CodeIgniter\CodeIgniter->handleRequest(null, Object(Config\Cache), false)
 8 FCPATH\index.php(79): CodeIgniter\CodeIgniter->run()
 9 SYSTEMPATH\Commands\Server\rewrite.php(47): require_once('D:\\new server\\xampp\\htdocs\\codeignator_project\\codeigniter\\Codeignetor-Backend\\public\\index.php')
INFO - 2023-12-21 04:46:41 --> Session: Class initialized using 'CodeIgniter\Session\Handlers\FileHandler' driver.
INFO - 2023-12-21 04:55:28 --> Session: Class initialized using 'CodeIgniter\Session\Handlers\FileHandler' driver.
INFO - 2023-12-21 05:58:24 --> Session: Class initialized using 'CodeIgniter\Session\Handlers\FileHandler' driver.
INFO - 2023-12-21 06:00:18 --> Session: Class initialized using 'CodeIgniter\Session\Handlers\FileHandler' driver.
INFO - 2023-12-21 06:03:22 --> Session: Class initialized using 'CodeIgniter\Session\Handlers\FileHandler' driver.
INFO - 2023-12-21 06:03:37 --> Session: Class initialized using 'CodeIgniter\Session\Handlers\FileHandler' driver.
INFO - 2023-12-21 06:04:29 --> Session: Class initialized using 'CodeIgniter\Session\Handlers\FileHandler' driver.
INFO - 2023-12-21 06:04:35 --> Session: Class initialized using 'CodeIgniter\Session\Handlers\FileHandler' driver.
INFO - 2023-12-21 06:04:36 --> Session: Class initialized using 'CodeIgniter\Session\Handlers\FileHandler' driver.
INFO - 2023-12-21 06:05:20 --> Session: Class initialized using 'CodeIgniter\Session\Handlers\FileHandler' driver.
INFO - 2023-12-21 06:05:25 --> Session: Class initialized using 'CodeIgniter\Session\Handlers\FileHandler' driver.
INFO - 2023-12-21 06:05:25 --> Session: Class initialized using 'CodeIgniter\Session\Handlers\FileHandler' driver.
INFO - 2023-12-21 06:05:45 --> Session: Class initialized using 'CodeIgniter\Session\Handlers\FileHandler' driver.
INFO - 2023-12-21 06:05:49 --> Session: Class initialized using 'CodeIgniter\Session\Handlers\FileHandler' driver.
INFO - 2023-12-21 06:05:49 --> Session: Class initialized using 'CodeIgniter\Session\Handlers\FileHandler' driver.
INFO - 2023-12-21 06:06:09 --> Session: Class initialized using 'CodeIgniter\Session\Handlers\FileHandler' driver.
INFO - 2023-12-21 06:06:13 --> Session: Class initialized using 'CodeIgniter\Session\Handlers\FileHandler' driver.
INFO - 2023-12-21 06:06:14 --> Session: Class initialized using 'CodeIgniter\Session\Handlers\FileHandler' driver.
INFO - 2023-12-21 06:06:29 --> Session: Class initialized using 'CodeIgniter\Session\Handlers\FileHandler' driver.
INFO - 2023-12-21 06:06:34 --> Session: Class initialized using 'CodeIgniter\Session\Handlers\FileHandler' driver.
INFO - 2023-12-21 06:06:35 --> Session: Class initialized using 'CodeIgniter\Session\Handlers\FileHandler' driver.
INFO - 2023-12-21 06:07:57 --> Session: Class initialized using 'CodeIgniter\Session\Handlers\FileHandler' driver.
INFO - 2023-12-21 06:08:02 --> Session: Class initialized using 'CodeIgniter\Session\Handlers\FileHandler' driver.
INFO - 2023-12-21 06:08:02 --> Session: Class initialized using 'CodeIgniter\Session\Handlers\FileHandler' driver.
INFO - 2023-12-21 06:08:17 --> Session: Class initialized using 'CodeIgniter\Session\Handlers\FileHandler' driver.
INFO - 2023-12-21 06:08:24 --> Session: Class initialized using 'CodeIgniter\Session\Handlers\FileHandler' driver.
INFO - 2023-12-21 06:08:24 --> Session: Class initialized using 'CodeIgniter\Session\Handlers\FileHandler' driver.
INFO - 2023-12-21 06:09:29 --> Session: Class initialized using 'CodeIgniter\Session\Handlers\FileHandler' driver.
INFO - 2023-12-21 06:09:29 --> Session: Class initialized using 'CodeIgniter\Session\Handlers\FileHandler' driver.
INFO - 2023-12-21 06:09:35 --> Session: Class initialized using 'CodeIgniter\Session\Handlers\FileHandler' driver.
INFO - 2023-12-21 06:09:36 --> Session: Class initialized using 'CodeIgniter\Session\Handlers\FileHandler' driver.
INFO - 2023-12-21 06:09:39 --> Session: Class initialized using 'CodeIgniter\Session\Handlers\FileHandler' driver.
INFO - 2023-12-21 06:09:40 --> Session: Class initialized using 'CodeIgniter\Session\Handlers\FileHandler' driver.
INFO - 2023-12-21 06:09:43 --> Session: Class initialized using 'CodeIgniter\Session\Handlers\FileHandler' driver.
INFO - 2023-12-21 06:09:43 --> Session: Class initialized using 'CodeIgniter\Session\Handlers\FileHandler' driver.
INFO - 2023-12-21 06:10:00 --> Session: Class initialized using 'CodeIgniter\Session\Handlers\FileHandler' driver.
ERROR - 2023-12-21 06:11:56 --> mysqli_sql_exception: Unknown column 'photo' in 'field list' in D:\new server\xampp\htdocs\codeignator_project\codeigniter\Codeignetor-Backend\system\Database\MySQLi\Connection.php:306
Stack trace:
#0 D:\new server\xampp\htdocs\codeignator_project\codeigniter\Codeignetor-Backend\system\Database\MySQLi\Connection.php(306): mysqli->query('INSERT INTO `pr...', 0)
#1 D:\new server\xampp\htdocs\codeignator_project\codeigniter\Codeignetor-Backend\system\Database\BaseConnection.php(693): CodeIgniter\Database\MySQLi\Connection->execute('INSERT INTO `pr...')
#2 D:\new server\xampp\htdocs\codeignator_project\codeigniter\Codeignetor-Backend\system\Database\BaseConnection.php(607): CodeIgniter\Database\BaseConnection->simpleQuery('INSERT INTO `pr...')
#3 D:\new server\xampp\htdocs\codeignator_project\codeigniter\Codeignetor-Backend\system\Database\BaseBuilder.php(2308): CodeIgniter\Database\BaseConnection->query('INSERT INTO `pr...', Array, false)
#4 D:\new server\xampp\htdocs\codeignator_project\codeigniter\Codeignetor-Backend\system\Model.php(319): CodeIgniter\Database\BaseBuilder->insert()
#5 D:\new server\xampp\htdocs\codeignator_project\codeigniter\Codeignetor-Backend\system\BaseModel.php(788): CodeIgniter\Model->doInsert(Array)
#6 D:\new server\xampp\htdocs\codeignator_project\codeigniter\Codeignetor-Backend\system\Model.php(715): CodeIgniter\BaseModel->insert(Array, true)
#7 D:\new server\xampp\htdocs\codeignator_project\codeigniter\Codeignetor-Backend\app\Controllers\ProductController.php(99): CodeIgniter\Model->insert(Array)
#8 D:\new server\xampp\htdocs\codeignator_project\codeigniter\Codeignetor-Backend\system\CodeIgniter.php(942): App\Controllers\ProductController->store()
#9 D:\new server\xampp\htdocs\codeignator_project\codeigniter\Codeignetor-Backend\system\CodeIgniter.php(502): CodeIgniter\CodeIgniter->runController(Object(App\Controllers\ProductController))
#10 D:\new server\xampp\htdocs\codeignator_project\codeigniter\Codeignetor-Backend\system\CodeIgniter.php(361): CodeIgniter\CodeIgniter->handleRequest(NULL, Object(Config\Cache), false)
#11 D:\new server\xampp\htdocs\codeignator_project\codeigniter\Codeignetor-Backend\public\index.php(79): CodeIgniter\CodeIgniter->run()
#12 D:\new server\xampp\htdocs\codeignator_project\codeigniter\Codeignetor-Backend\system\Commands\Server\rewrite.php(47): require_once('D:\\new server\\x...')
#13 {main}
CRITICAL - 2023-12-21 06:11:56 --> Unknown column 'photo' in 'field list'
in SYSTEMPATH\Database\BaseConnection.php on line 647.
 1 SYSTEMPATH\Database\BaseBuilder.php(2308): CodeIgniter\Database\BaseConnection->query('INSERT INTO `products` (`product`, `category_id`, `model`, `price`, `sku`, `photo`) VALUES (:product:, :category_id:, :model:, :price:, :sku:, :photo:)', [...], false)
 2 SYSTEMPATH\Model.php(319): CodeIgniter\Database\BaseBuilder->insert()
 3 SYSTEMPATH\BaseModel.php(788): CodeIgniter\Model->doInsert([...])
 4 SYSTEMPATH\Model.php(715): CodeIgniter\BaseModel->insert([...], true)
 5 APPPATH\Controllers\ProductController.php(99): CodeIgniter\Model->insert([...])
 6 SYSTEMPATH\CodeIgniter.php(942): App\Controllers\ProductController->store()
 7 SYSTEMPATH\CodeIgniter.php(502): CodeIgniter\CodeIgniter->runController(Object(App\Controllers\ProductController))
 8 SYSTEMPATH\CodeIgniter.php(361): CodeIgniter\CodeIgniter->handleRequest(null, Object(Config\Cache), false)
 9 FCPATH\index.php(79): CodeIgniter\CodeIgniter->run()
10 SYSTEMPATH\Commands\Server\rewrite.php(47): require_once('D:\\new server\\xampp\\htdocs\\codeignator_project\\codeigniter\\Codeignetor-Backend\\public\\index.php')
ERROR - 2023-12-21 06:13:12 --> mysqli_sql_exception: Unknown column 'photo' in 'field list' in D:\new server\xampp\htdocs\codeignator_project\codeigniter\Codeignetor-Backend\system\Database\MySQLi\Connection.php:306
Stack trace:
#0 D:\new server\xampp\htdocs\codeignator_project\codeigniter\Codeignetor-Backend\system\Database\MySQLi\Connection.php(306): mysqli->query('INSERT INTO `pr...', 0)
#1 D:\new server\xampp\htdocs\codeignator_project\codeigniter\Codeignetor-Backend\system\Database\BaseConnection.php(693): CodeIgniter\Database\MySQLi\Connection->execute('INSERT INTO `pr...')
#2 D:\new server\xampp\htdocs\codeignator_project\codeigniter\Codeignetor-Backend\system\Database\BaseConnection.php(607): CodeIgniter\Database\BaseConnection->simpleQuery('INSERT INTO `pr...')
#3 D:\new server\xampp\htdocs\codeignator_project\codeigniter\Codeignetor-Backend\system\Database\BaseBuilder.php(2308): CodeIgniter\Database\BaseConnection->query('INSERT INTO `pr...', Array, false)
#4 D:\new server\xampp\htdocs\codeignator_project\codeigniter\Codeignetor-Backend\system\Model.php(319): CodeIgniter\Database\BaseBuilder->insert()
#5 D:\new server\xampp\htdocs\codeignator_project\codeigniter\Codeignetor-Backend\system\BaseModel.php(788): CodeIgniter\Model->doInsert(Array)
#6 D:\new server\xampp\htdocs\codeignator_project\codeigniter\Codeignetor-Backend\system\Model.php(715): CodeIgniter\BaseModel->insert(Array, true)
#7 D:\new server\xampp\htdocs\codeignator_project\codeigniter\Codeignetor-Backend\app\Controllers\ProductController.php(99): CodeIgniter\Model->insert(Array)
#8 D:\new server\xampp\htdocs\codeignator_project\codeigniter\Codeignetor-Backend\system\CodeIgniter.php(942): App\Controllers\ProductController->store()
#9 D:\new server\xampp\htdocs\codeignator_project\codeigniter\Codeignetor-Backend\system\CodeIgniter.php(502): CodeIgniter\CodeIgniter->runController(Object(App\Controllers\ProductController))
#10 D:\new server\xampp\htdocs\codeignator_project\codeigniter\Codeignetor-Backend\system\CodeIgniter.php(361): CodeIgniter\CodeIgniter->handleRequest(NULL, Object(Config\Cache), false)
#11 D:\new server\xampp\htdocs\codeignator_project\codeigniter\Codeignetor-Backend\public\index.php(79): CodeIgniter\CodeIgniter->run()
#12 D:\new server\xampp\htdocs\codeignator_project\codeigniter\Codeignetor-Backend\system\Commands\Server\rewrite.php(47): require_once('D:\\new server\\x...')
#13 {main}
CRITICAL - 2023-12-21 06:13:12 --> Unknown column 'photo' in 'field list'
in SYSTEMPATH\Database\BaseConnection.php on line 647.
 1 SYSTEMPATH\Database\BaseBuilder.php(2308): CodeIgniter\Database\BaseConnection->query('INSERT INTO `products` (`product`, `category_id`, `model`, `price`, `sku`, `photo`) VALUES (:product:, :category_id:, :model:, :price:, :sku:, :photo:)', [...], false)
 2 SYSTEMPATH\Model.php(319): CodeIgniter\Database\BaseBuilder->insert()
 3 SYSTEMPATH\BaseModel.php(788): CodeIgniter\Model->doInsert([...])
 4 SYSTEMPATH\Model.php(715): CodeIgniter\BaseModel->insert([...], true)
 5 APPPATH\Controllers\ProductController.php(99): CodeIgniter\Model->insert([...])
 6 SYSTEMPATH\CodeIgniter.php(942): App\Controllers\ProductController->store()
 7 SYSTEMPATH\CodeIgniter.php(502): CodeIgniter\CodeIgniter->runController(Object(App\Controllers\ProductController))
 8 SYSTEMPATH\CodeIgniter.php(361): CodeIgniter\CodeIgniter->handleRequest(null, Object(Config\Cache), false)
 9 FCPATH\index.php(79): CodeIgniter\CodeIgniter->run()
10 SYSTEMPATH\Commands\Server\rewrite.php(47): require_once('D:\\new server\\xampp\\htdocs\\codeignator_project\\codeigniter\\Codeignetor-Backend\\public\\index.php')
ERROR - 2023-12-21 06:13:15 --> mysqli_sql_exception: Unknown column 'photo' in 'field list' in D:\new server\xampp\htdocs\codeignator_project\codeigniter\Codeignetor-Backend\system\Database\MySQLi\Connection.php:306
Stack trace:
#0 D:\new server\xampp\htdocs\codeignator_project\codeigniter\Codeignetor-Backend\system\Database\MySQLi\Connection.php(306): mysqli->query('INSERT INTO `pr...', 0)
#1 D:\new server\xampp\htdocs\codeignator_project\codeigniter\Codeignetor-Backend\system\Database\BaseConnection.php(693): CodeIgniter\Database\MySQLi\Connection->execute('INSERT INTO `pr...')
#2 D:\new server\xampp\htdocs\codeignator_project\codeigniter\Codeignetor-Backend\system\Database\BaseConnection.php(607): CodeIgniter\Database\BaseConnection->simpleQuery('INSERT INTO `pr...')
#3 D:\new server\xampp\htdocs\codeignator_project\codeigniter\Codeignetor-Backend\system\Database\BaseBuilder.php(2308): CodeIgniter\Database\BaseConnection->query('INSERT INTO `pr...', Array, false)
#4 D:\new server\xampp\htdocs\codeignator_project\codeigniter\Codeignetor-Backend\system\Model.php(319): CodeIgniter\Database\BaseBuilder->insert()
#5 D:\new server\xampp\htdocs\codeignator_project\codeigniter\Codeignetor-Backend\system\BaseModel.php(788): CodeIgniter\Model->doInsert(Array)
#6 D:\new server\xampp\htdocs\codeignator_project\codeigniter\Codeignetor-Backend\system\Model.php(715): CodeIgniter\BaseModel->insert(Array, true)
#7 D:\new server\xampp\htdocs\codeignator_project\codeigniter\Codeignetor-Backend\app\Controllers\ProductController.php(99): CodeIgniter\Model->insert(Array)
#8 D:\new server\xampp\htdocs\codeignator_project\codeigniter\Codeignetor-Backend\system\CodeIgniter.php(942): App\Controllers\ProductController->store()
#9 D:\new server\xampp\htdocs\codeignator_project\codeigniter\Codeignetor-Backend\system\CodeIgniter.php(502): CodeIgniter\CodeIgniter->runController(Object(App\Controllers\ProductController))
#10 D:\new server\xampp\htdocs\codeignator_project\codeigniter\Codeignetor-Backend\system\CodeIgniter.php(361): CodeIgniter\CodeIgniter->handleRequest(NULL, Object(Config\Cache), false)
#11 D:\new server\xampp\htdocs\codeignator_project\codeigniter\Codeignetor-Backend\public\index.php(79): CodeIgniter\CodeIgniter->run()
#12 D:\new server\xampp\htdocs\codeignator_project\codeigniter\Codeignetor-Backend\system\Commands\Server\rewrite.php(47): require_once('D:\\new server\\x...')
#13 {main}
CRITICAL - 2023-12-21 06:13:15 --> Unknown column 'photo' in 'field list'
in SYSTEMPATH\Database\BaseConnection.php on line 647.
 1 SYSTEMPATH\Database\BaseBuilder.php(2308): CodeIgniter\Database\BaseConnection->query('INSERT INTO `products` (`product`, `category_id`, `model`, `price`, `sku`, `photo`) VALUES (:product:, :category_id:, :model:, :price:, :sku:, :photo:)', [...], false)
 2 SYSTEMPATH\Model.php(319): CodeIgniter\Database\BaseBuilder->insert()
 3 SYSTEMPATH\BaseModel.php(788): CodeIgniter\Model->doInsert([...])
 4 SYSTEMPATH\Model.php(715): CodeIgniter\BaseModel->insert([...], true)
 5 APPPATH\Controllers\ProductController.php(99): CodeIgniter\Model->insert([...])
 6 SYSTEMPATH\CodeIgniter.php(942): App\Controllers\ProductController->store()
 7 SYSTEMPATH\CodeIgniter.php(502): CodeIgniter\CodeIgniter->runController(Object(App\Controllers\ProductController))
 8 SYSTEMPATH\CodeIgniter.php(361): CodeIgniter\CodeIgniter->handleRequest(null, Object(Config\Cache), false)
 9 FCPATH\index.php(79): CodeIgniter\CodeIgniter->run()
10 SYSTEMPATH\Commands\Server\rewrite.php(47): require_once('D:\\new server\\xampp\\htdocs\\codeignator_project\\codeigniter\\Codeignetor-Backend\\public\\index.php')
ERROR - 2023-12-21 06:13:57 --> mysqli_sql_exception: Unknown column 'photo' in 'field list' in D:\new server\xampp\htdocs\codeignator_project\codeigniter\Codeignetor-Backend\system\Database\MySQLi\Connection.php:306
Stack trace:
#0 D:\new server\xampp\htdocs\codeignator_project\codeigniter\Codeignetor-Backend\system\Database\MySQLi\Connection.php(306): mysqli->query('INSERT INTO `pr...', 0)
#1 D:\new server\xampp\htdocs\codeignator_project\codeigniter\Codeignetor-Backend\system\Database\BaseConnection.php(693): CodeIgniter\Database\MySQLi\Connection->execute('INSERT INTO `pr...')
#2 D:\new server\xampp\htdocs\codeignator_project\codeigniter\Codeignetor-Backend\system\Database\BaseConnection.php(607): CodeIgniter\Database\BaseConnection->simpleQuery('INSERT INTO `pr...')
#3 D:\new server\xampp\htdocs\codeignator_project\codeigniter\Codeignetor-Backend\system\Database\BaseBuilder.php(2308): CodeIgniter\Database\BaseConnection->query('INSERT INTO `pr...', Array, false)
#4 D:\new server\xampp\htdocs\codeignator_project\codeigniter\Codeignetor-Backend\system\Model.php(319): CodeIgniter\Database\BaseBuilder->insert()
#5 D:\new server\xampp\htdocs\codeignator_project\codeigniter\Codeignetor-Backend\system\BaseModel.php(788): CodeIgniter\Model->doInsert(Array)
#6 D:\new server\xampp\htdocs\codeignator_project\codeigniter\Codeignetor-Backend\system\Model.php(715): CodeIgniter\BaseModel->insert(Array, true)
#7 D:\new server\xampp\htdocs\codeignator_project\codeigniter\Codeignetor-Backend\app\Controllers\ProductController.php(99): CodeIgniter\Model->insert(Array)
#8 D:\new server\xampp\htdocs\codeignator_project\codeigniter\Codeignetor-Backend\system\CodeIgniter.php(942): App\Controllers\ProductController->store()
#9 D:\new server\xampp\htdocs\codeignator_project\codeigniter\Codeignetor-Backend\system\CodeIgniter.php(502): CodeIgniter\CodeIgniter->runController(Object(App\Controllers\ProductController))
#10 D:\new server\xampp\htdocs\codeignator_project\codeigniter\Codeignetor-Backend\system\CodeIgniter.php(361): CodeIgniter\CodeIgniter->handleRequest(NULL, Object(Config\Cache), false)
#11 D:\new server\xampp\htdocs\codeignator_project\codeigniter\Codeignetor-Backend\public\index.php(79): CodeIgniter\CodeIgniter->run()
#12 D:\new server\xampp\htdocs\codeignator_project\codeigniter\Codeignetor-Backend\system\Commands\Server\rewrite.php(47): require_once('D:\\new server\\x...')
#13 {main}
CRITICAL - 2023-12-21 06:13:57 --> Unknown column 'photo' in 'field list'
in SYSTEMPATH\Database\BaseConnection.php on line 647.
 1 SYSTEMPATH\Database\BaseBuilder.php(2308): CodeIgniter\Database\BaseConnection->query('INSERT INTO `products` (`product`, `category_id`, `model`, `price`, `sku`, `photo`) VALUES (:product:, :category_id:, :model:, :price:, :sku:, :photo:)', [...], false)
 2 SYSTEMPATH\Model.php(319): CodeIgniter\Database\BaseBuilder->insert()
 3 SYSTEMPATH\BaseModel.php(788): CodeIgniter\Model->doInsert([...])
 4 SYSTEMPATH\Model.php(715): CodeIgniter\BaseModel->insert([...], true)
 5 APPPATH\Controllers\ProductController.php(99): CodeIgniter\Model->insert([...])
 6 SYSTEMPATH\CodeIgniter.php(942): App\Controllers\ProductController->store()
 7 SYSTEMPATH\CodeIgniter.php(502): CodeIgniter\CodeIgniter->runController(Object(App\Controllers\ProductController))
 8 SYSTEMPATH\CodeIgniter.php(361): CodeIgniter\CodeIgniter->handleRequest(null, Object(Config\Cache), false)
 9 FCPATH\index.php(79): CodeIgniter\CodeIgniter->run()
10 SYSTEMPATH\Commands\Server\rewrite.php(47): require_once('D:\\new server\\xampp\\htdocs\\codeignator_project\\codeigniter\\Codeignetor-Backend\\public\\index.php')
INFO - 2023-12-21 06:13:58 --> Session: Class initialized using 'CodeIgniter\Session\Handlers\FileHandler' driver.
INFO - 2023-12-21 06:14:49 --> Session: Class initialized using 'CodeIgniter\Session\Handlers\FileHandler' driver.
INFO - 2023-12-21 06:15:18 --> Session: Class initialized using 'CodeIgniter\Session\Handlers\FileHandler' driver.
CRITICAL - 2023-12-21 06:15:18 --> Undefined variable $items
in APPPATH\Views\products\create.php on line 71.
 1 APPPATH\Views\products\create.php(71): CodeIgniter\Debug\Exceptions->errorHandler(2, 'Undefined variable $items', 'D:\\new server\\xampp\\htdocs\\codeignator_project\\codeigniter\\Codeignetor-Backend\\app\\Views\\products\\create.php', 71)
 2 SYSTEMPATH\View\View.php(228): include('D:\\new server\\xampp\\htdocs\\codeignator_project\\codeigniter\\Codeignetor-Backend\\app\\Views\\products\\create.php')
 3 SYSTEMPATH\View\View.php(231): CodeIgniter\View\View->CodeIgniter\View\{closure}()
 4 SYSTEMPATH\Common.php(1190): CodeIgniter\View\View->render('products/create', [], true)
 5 APPPATH\Controllers\ProductController.php(95): view('products/create')
 6 SYSTEMPATH\CodeIgniter.php(942): App\Controllers\ProductController->store()
 7 SYSTEMPATH\CodeIgniter.php(502): CodeIgniter\CodeIgniter->runController(Object(App\Controllers\ProductController))
 8 SYSTEMPATH\CodeIgniter.php(361): CodeIgniter\CodeIgniter->handleRequest(null, Object(Config\Cache), false)
 9 FCPATH\index.php(79): CodeIgniter\CodeIgniter->run()
10 SYSTEMPATH\Commands\Server\rewrite.php(47): require_once('D:\\new server\\xampp\\htdocs\\codeignator_project\\codeigniter\\Codeignetor-Backend\\public\\index.php')
INFO - 2023-12-21 06:21:21 --> Session: Class initialized using 'CodeIgniter\Session\Handlers\FileHandler' driver.
INFO - 2023-12-21 06:21:30 --> Session: Class initialized using 'CodeIgniter\Session\Handlers\FileHandler' driver.
CRITICAL - 2023-12-21 06:21:30 --> Undefined variable $items
in APPPATH\Views\products\create.php on line 71.
 1 APPPATH\Views\products\create.php(71): CodeIgniter\Debug\Exceptions->errorHandler(2, 'Undefined variable $items', 'D:\\new server\\xampp\\htdocs\\codeignator_project\\codeigniter\\Codeignetor-Backend\\app\\Views\\products\\create.php', 71)
 2 SYSTEMPATH\View\View.php(228): include('D:\\new server\\xampp\\htdocs\\codeignator_project\\codeigniter\\Codeignetor-Backend\\app\\Views\\products\\create.php')
 3 SYSTEMPATH\View\View.php(231): CodeIgniter\View\View->CodeIgniter\View\{closure}()
 4 SYSTEMPATH\Common.php(1190): CodeIgniter\View\View->render('products/create', [], true)
 5 APPPATH\Controllers\ProductController.php(95): view('products/create')
 6 SYSTEMPATH\CodeIgniter.php(942): App\Controllers\ProductController->store()
 7 SYSTEMPATH\CodeIgniter.php(502): CodeIgniter\CodeIgniter->runController(Object(App\Controllers\ProductController))
 8 SYSTEMPATH\CodeIgniter.php(361): CodeIgniter\CodeIgniter->handleRequest(null, Object(Config\Cache), false)
 9 FCPATH\index.php(79): CodeIgniter\CodeIgniter->run()
10 SYSTEMPATH\Commands\Server\rewrite.php(47): require_once('D:\\new server\\xampp\\htdocs\\codeignator_project\\codeigniter\\Codeignetor-Backend\\public\\index.php')
INFO - 2023-12-21 06:26:11 --> Session: Class initialized using 'CodeIgniter\Session\Handlers\FileHandler' driver.
INFO - 2023-12-21 06:26:24 --> Session: Class initialized using 'CodeIgniter\Session\Handlers\FileHandler' driver.
CRITICAL - 2023-12-21 06:26:24 --> Undefined variable $items
in APPPATH\Views\products\create.php on line 71.
 1 APPPATH\Views\products\create.php(71): CodeIgniter\Debug\Exceptions->errorHandler(2, 'Undefined variable $items', 'D:\\new server\\xampp\\htdocs\\codeignator_project\\codeigniter\\Codeignetor-Backend\\app\\Views\\products\\create.php', 71)
 2 SYSTEMPATH\View\View.php(228): include('D:\\new server\\xampp\\htdocs\\codeignator_project\\codeigniter\\Codeignetor-Backend\\app\\Views\\products\\create.php')
 3 SYSTEMPATH\View\View.php(231): CodeIgniter\View\View->CodeIgniter\View\{closure}()
 4 SYSTEMPATH\Common.php(1190): CodeIgniter\View\View->render('products/create', [], true)
 5 APPPATH\Controllers\ProductController.php(95): view('products/create')
 6 SYSTEMPATH\CodeIgniter.php(942): App\Controllers\ProductController->store()
 7 SYSTEMPATH\CodeIgniter.php(502): CodeIgniter\CodeIgniter->runController(Object(App\Controllers\ProductController))
 8 SYSTEMPATH\CodeIgniter.php(361): CodeIgniter\CodeIgniter->handleRequest(null, Object(Config\Cache), false)
 9 FCPATH\index.php(79): CodeIgniter\CodeIgniter->run()
10 SYSTEMPATH\Commands\Server\rewrite.php(47): require_once('D:\\new server\\xampp\\htdocs\\codeignator_project\\codeigniter\\Codeignetor-Backend\\public\\index.php')
INFO - 2023-12-21 06:33:10 --> Session: Class initialized using 'CodeIgniter\Session\Handlers\FileHandler' driver.
CRITICAL - 2023-12-21 06:33:10 --> Undefined variable $items
in APPPATH\Views\products\create.php on line 71.
 1 APPPATH\Views\products\create.php(71): CodeIgniter\Debug\Exceptions->errorHandler(2, 'Undefined variable $items', 'D:\\new server\\xampp\\htdocs\\codeignator_project\\codeigniter\\Codeignetor-Backend\\app\\Views\\products\\create.php', 71)
 2 SYSTEMPATH\View\View.php(228): include('D:\\new server\\xampp\\htdocs\\codeignator_project\\codeigniter\\Codeignetor-Backend\\app\\Views\\products\\create.php')
 3 SYSTEMPATH\View\View.php(231): CodeIgniter\View\View->CodeIgniter\View\{closure}()
 4 SYSTEMPATH\Common.php(1190): CodeIgniter\View\View->render('products/create', [], true)
 5 APPPATH\Controllers\ProductController.php(95): view('products/create')
 6 SYSTEMPATH\CodeIgniter.php(942): App\Controllers\ProductController->store()
 7 SYSTEMPATH\CodeIgniter.php(502): CodeIgniter\CodeIgniter->runController(Object(App\Controllers\ProductController))
 8 SYSTEMPATH\CodeIgniter.php(361): CodeIgniter\CodeIgniter->handleRequest(null, Object(Config\Cache), false)
 9 FCPATH\index.php(79): CodeIgniter\CodeIgniter->run()
10 SYSTEMPATH\Commands\Server\rewrite.php(47): require_once('D:\\new server\\xampp\\htdocs\\codeignator_project\\codeigniter\\Codeignetor-Backend\\public\\index.php')
INFO - 2023-12-21 06:33:11 --> Session: Class initialized using 'CodeIgniter\Session\Handlers\FileHandler' driver.
INFO - 2023-12-21 06:33:13 --> Session: Class initialized using 'CodeIgniter\Session\Handlers\FileHandler' driver.
INFO - 2023-12-21 06:33:14 --> Session: Class initialized using 'CodeIgniter\Session\Handlers\FileHandler' driver.
INFO - 2023-12-21 06:33:42 --> Session: Class initialized using 'CodeIgniter\Session\Handlers\FileHandler' driver.
INFO - 2023-12-21 06:33:51 --> Session: Class initialized using 'CodeIgniter\Session\Handlers\FileHandler' driver.
INFO - 2023-12-21 06:33:51 --> Session: Class initialized using 'CodeIgniter\Session\Handlers\FileHandler' driver.
INFO - 2023-12-21 06:34:24 --> Session: Class initialized using 'CodeIgniter\Session\Handlers\FileHandler' driver.
INFO - 2023-12-21 06:34:35 --> Session: Class initialized using 'CodeIgniter\Session\Handlers\FileHandler' driver.
CRITICAL - 2023-12-21 06:34:35 --> Undefined variable $items
in APPPATH\Views\products\create.php on line 71.
 1 APPPATH\Views\products\create.php(71): CodeIgniter\Debug\Exceptions->errorHandler(2, 'Undefined variable $items', 'D:\\new server\\xampp\\htdocs\\codeignator_project\\codeigniter\\Codeignetor-Backend\\app\\Views\\products\\create.php', 71)
 2 SYSTEMPATH\View\View.php(228): include('D:\\new server\\xampp\\htdocs\\codeignator_project\\codeigniter\\Codeignetor-Backend\\app\\Views\\products\\create.php')
 3 SYSTEMPATH\View\View.php(231): CodeIgniter\View\View->CodeIgniter\View\{closure}()
 4 SYSTEMPATH\Common.php(1190): CodeIgniter\View\View->render('products/create', [], true)
 5 APPPATH\Controllers\ProductController.php(95): view('products/create')
 6 SYSTEMPATH\CodeIgniter.php(942): App\Controllers\ProductController->store()
 7 SYSTEMPATH\CodeIgniter.php(502): CodeIgniter\CodeIgniter->runController(Object(App\Controllers\ProductController))
 8 SYSTEMPATH\CodeIgniter.php(361): CodeIgniter\CodeIgniter->handleRequest(null, Object(Config\Cache), false)
 9 FCPATH\index.php(79): CodeIgniter\CodeIgniter->run()
10 SYSTEMPATH\Commands\Server\rewrite.php(47): require_once('D:\\new server\\xampp\\htdocs\\codeignator_project\\codeigniter\\Codeignetor-Backend\\public\\index.php')
INFO - 2023-12-21 06:34:47 --> Session: Class initialized using 'CodeIgniter\Session\Handlers\FileHandler' driver.
INFO - 2023-12-21 06:34:52 --> Session: Class initialized using 'CodeIgniter\Session\Handlers\FileHandler' driver.
INFO - 2023-12-21 06:34:55 --> Session: Class initialized using 'CodeIgniter\Session\Handlers\FileHandler' driver.
INFO - 2023-12-21 06:35:01 --> Session: Class initialized using 'CodeIgniter\Session\Handlers\FileHandler' driver.
INFO - 2023-12-21 06:35:13 --> Session: Class initialized using 'CodeIgniter\Session\Handlers\FileHandler' driver.
INFO - 2023-12-21 06:35:13 --> Session: Class initialized using 'CodeIgniter\Session\Handlers\FileHandler' driver.
INFO - 2023-12-21 06:37:00 --> Session: Class initialized using 'CodeIgniter\Session\Handlers\FileHandler' driver.
INFO - 2023-12-21 07:32:53 --> Session: Class initialized using 'CodeIgniter\Session\Handlers\FileHandler' driver.
ERROR - 2023-12-21 07:33:03 --> mysqli_sql_exception: Unknown column 'products.product_id' in 'where clause' in D:\new server\xampp\htdocs\codeignator_project\codeigniter\Codeignetor-Backend\system\Database\MySQLi\Connection.php:306
Stack trace:
#0 D:\new server\xampp\htdocs\codeignator_project\codeigniter\Codeignetor-Backend\system\Database\MySQLi\Connection.php(306): mysqli->query('SELECT *\nFROM `...', 0)
#1 D:\new server\xampp\htdocs\codeignator_project\codeigniter\Codeignetor-Backend\system\Database\BaseConnection.php(693): CodeIgniter\Database\MySQLi\Connection->execute('SELECT *\nFROM `...')
#2 D:\new server\xampp\htdocs\codeignator_project\codeigniter\Codeignetor-Backend\system\Database\BaseConnection.php(607): CodeIgniter\Database\BaseConnection->simpleQuery('SELECT *\nFROM `...')
#3 D:\new server\xampp\htdocs\codeignator_project\codeigniter\Codeignetor-Backend\system\Database\BaseBuilder.php(1615): CodeIgniter\Database\BaseConnection->query('SELECT *\nFROM `...', Array, false)
#4 D:\new server\xampp\htdocs\codeignator_project\codeigniter\Codeignetor-Backend\system\Model.php(196): CodeIgniter\Database\BaseBuilder->get()
#5 D:\new server\xampp\htdocs\codeignator_project\codeigniter\Codeignetor-Backend\system\BaseModel.php(563): CodeIgniter\Model->doFind(true, '3')
#6 D:\new server\xampp\htdocs\codeignator_project\codeigniter\Codeignetor-Backend\app\Controllers\ProductController.php(42): CodeIgniter\BaseModel->find('3')
#7 D:\new server\xampp\htdocs\codeignator_project\codeigniter\Codeignetor-Backend\system\CodeIgniter.php(942): App\Controllers\ProductController->edit('3')
#8 D:\new server\xampp\htdocs\codeignator_project\codeigniter\Codeignetor-Backend\system\CodeIgniter.php(502): CodeIgniter\CodeIgniter->runController(Object(App\Controllers\ProductController))
#9 D:\new server\xampp\htdocs\codeignator_project\codeigniter\Codeignetor-Backend\system\CodeIgniter.php(361): CodeIgniter\CodeIgniter->handleRequest(NULL, Object(Config\Cache), false)
#10 D:\new server\xampp\htdocs\codeignator_project\codeigniter\Codeignetor-Backend\public\index.php(79): CodeIgniter\CodeIgniter->run()
#11 D:\new server\xampp\htdocs\codeignator_project\codeigniter\Codeignetor-Backend\system\Commands\Server\rewrite.php(47): require_once('D:\\new server\\x...')
#12 {main}
CRITICAL - 2023-12-21 07:33:03 --> Unknown column 'products.product_id' in 'where clause'
in SYSTEMPATH\Database\BaseConnection.php on line 647.
 1 SYSTEMPATH\Database\BaseBuilder.php(1615): CodeIgniter\Database\BaseConnection->query('SELECT *
FROM `products`
WHERE `products`.`product_id` = :products.product_id:', [...], false)
 2 SYSTEMPATH\Model.php(196): CodeIgniter\Database\BaseBuilder->get()
 3 SYSTEMPATH\BaseModel.php(563): CodeIgniter\Model->doFind(true, '3')
 4 APPPATH\Controllers\ProductController.php(42): CodeIgniter\BaseModel->find('3')
 5 SYSTEMPATH\CodeIgniter.php(942): App\Controllers\ProductController->edit('3')
 6 SYSTEMPATH\CodeIgniter.php(502): CodeIgniter\CodeIgniter->runController(Object(App\Controllers\ProductController))
 7 SYSTEMPATH\CodeIgniter.php(361): CodeIgniter\CodeIgniter->handleRequest(null, Object(Config\Cache), false)
 8 FCPATH\index.php(79): CodeIgniter\CodeIgniter->run()
 9 SYSTEMPATH\Commands\Server\rewrite.php(47): require_once('D:\\new server\\xampp\\htdocs\\codeignator_project\\codeigniter\\Codeignetor-Backend\\public\\index.php')
INFO - 2023-12-21 07:33:05 --> Session: Class initialized using 'CodeIgniter\Session\Handlers\FileHandler' driver.
INFO - 2023-12-21 07:33:09 --> Session: Class initialized using 'CodeIgniter\Session\Handlers\FileHandler' driver.
INFO - 2023-12-21 07:33:09 --> Session: Class initialized using 'CodeIgniter\Session\Handlers\FileHandler' driver.
INFO - 2023-12-21 07:33:15 --> Session: Class initialized using 'CodeIgniter\Session\Handlers\FileHandler' driver.
INFO - 2023-12-21 07:33:15 --> Session: Class initialized using 'CodeIgniter\Session\Handlers\FileHandler' driver.
INFO - 2023-12-21 07:33:19 --> Session: Class initialized using 'CodeIgniter\Session\Handlers\FileHandler' driver.
INFO - 2023-12-21 07:33:19 --> Session: Class initialized using 'CodeIgniter\Session\Handlers\FileHandler' driver.
INFO - 2023-12-21 07:33:36 --> Session: Class initialized using 'CodeIgniter\Session\Handlers\FileHandler' driver.
INFO - 2023-12-21 07:33:36 --> Session: Class initialized using 'CodeIgniter\Session\Handlers\FileHandler' driver.
INFO - 2023-12-21 07:33:40 --> Session: Class initialized using 'CodeIgniter\Session\Handlers\FileHandler' driver.
INFO - 2023-12-21 07:33:40 --> Session: Class initialized using 'CodeIgniter\Session\Handlers\FileHandler' driver.
INFO - 2023-12-21 07:33:47 --> Session: Class initialized using 'CodeIgniter\Session\Handlers\FileHandler' driver.
INFO - 2023-12-21 07:33:47 --> Session: Class initialized using 'CodeIgniter\Session\Handlers\FileHandler' driver.
INFO - 2023-12-21 07:33:51 --> Session: Class initialized using 'CodeIgniter\Session\Handlers\FileHandler' driver.
INFO - 2023-12-21 07:33:51 --> Session: Class initialized using 'CodeIgniter\Session\Handlers\FileHandler' driver.
INFO - 2023-12-21 07:33:55 --> Session: Class initialized using 'CodeIgniter\Session\Handlers\FileHandler' driver.
INFO - 2023-12-21 07:33:55 --> Session: Class initialized using 'CodeIgniter\Session\Handlers\FileHandler' driver.
INFO - 2023-12-21 07:34:23 --> Session: Class initialized using 'CodeIgniter\Session\Handlers\FileHandler' driver.
INFO - 2023-12-21 07:44:22 --> Session: Class initialized using 'CodeIgniter\Session\Handlers\FileHandler' driver.
INFO - 2023-12-21 07:44:29 --> Session: Class initialized using 'CodeIgniter\Session\Handlers\FileHandler' driver.
INFO - 2023-12-21 07:47:23 --> Session: Class initialized using 'CodeIgniter\Session\Handlers\FileHandler' driver.
INFO - 2023-12-21 08:19:18 --> Session: Class initialized using 'CodeIgniter\Session\Handlers\FileHandler' driver.
INFO - 2023-12-21 08:19:25 --> Session: Class initialized using 'CodeIgniter\Session\Handlers\FileHandler' driver.
INFO - 2023-12-21 08:20:24 --> Session: Class initialized using 'CodeIgniter\Session\Handlers\FileHandler' driver.
INFO - 2023-12-21 08:20:44 --> Session: Class initialized using 'CodeIgniter\Session\Handlers\FileHandler' driver.
INFO - 2023-12-21 08:20:44 --> Session: Class initialized using 'CodeIgniter\Session\Handlers\FileHandler' driver.
INFO - 2023-12-21 08:25:20 --> Session: Class initialized using 'CodeIgniter\Session\Handlers\FileHandler' driver.
INFO - 2023-12-21 08:25:20 --> Session: Class initialized using 'CodeIgniter\Session\Handlers\FileHandler' driver.
INFO - 2023-12-21 08:25:32 --> Session: Class initialized using 'CodeIgniter\Session\Handlers\FileHandler' driver.
INFO - 2023-12-21 08:25:32 --> Session: Class initialized using 'CodeIgniter\Session\Handlers\FileHandler' driver.
INFO - 2023-12-21 08:25:38 --> Session: Class initialized using 'CodeIgniter\Session\Handlers\FileHandler' driver.
INFO - 2023-12-21 08:25:38 --> Session: Class initialized using 'CodeIgniter\Session\Handlers\FileHandler' driver.
