INFO - 2023-12-23 03:20:06 --> Session: Class initialized using 'CodeIgniter\Session\Handlers\FileHandler' driver.
INFO - 2023-12-23 03:20:07 --> Session: Class initialized using 'CodeIgniter\Session\Handlers\FileHandler' driver.
INFO - 2023-12-23 03:26:50 --> Session: Class initialized using 'CodeIgniter\Session\Handlers\FileHandler' driver.
INFO - 2023-12-23 03:26:50 --> Session: Class initialized using 'CodeIgniter\Session\Handlers\FileHandler' driver.
INFO - 2023-12-23 03:26:58 --> Session: Class initialized using 'CodeIgniter\Session\Handlers\FileHandler' driver.
INFO - 2023-12-23 03:26:58 --> Session: Class initialized using 'CodeIgniter\Session\Handlers\FileHandler' driver.
INFO - 2023-12-23 04:17:06 --> Session: Class initialized using 'CodeIgniter\Session\Handlers\FileHandler' driver.
INFO - 2023-12-23 04:37:52 --> Session: Class initialized using 'CodeIgniter\Session\Handlers\FileHandler' driver.
INFO - 2023-12-23 04:37:54 --> Session: Class initialized using 'CodeIgniter\Session\Handlers\FileHandler' driver.
INFO - 2023-12-23 04:42:06 --> Session: Class initialized using 'CodeIgniter\Session\Handlers\FileHandler' driver.
INFO - 2023-12-23 04:43:44 --> Session: Class initialized using 'CodeIgniter\Session\Handlers\FileHandler' driver.
INFO - 2023-12-23 04:44:28 --> Session: Class initialized using 'CodeIgniter\Session\Handlers\FileHandler' driver.
INFO - 2023-12-23 04:44:52 --> Session: Class initialized using 'CodeIgniter\Session\Handlers\FileHandler' driver.
INFO - 2023-12-23 04:44:56 --> Session: Class initialized using 'CodeIgniter\Session\Handlers\FileHandler' driver.
INFO - 2023-12-23 04:47:33 --> Session: Class initialized using 'CodeIgniter\Session\Handlers\FileHandler' driver.
INFO - 2023-12-23 04:47:36 --> Session: Class initialized using 'CodeIgniter\Session\Handlers\FileHandler' driver.
INFO - 2023-12-23 04:47:47 --> Session: Class initialized using 'CodeIgniter\Session\Handlers\FileHandler' driver.
INFO - 2023-12-23 04:47:50 --> Session: Class initialized using 'CodeIgniter\Session\Handlers\FileHandler' driver.
INFO - 2023-12-23 04:48:19 --> Session: Class initialized using 'CodeIgniter\Session\Handlers\FileHandler' driver.
INFO - 2023-12-23 04:48:22 --> Session: Class initialized using 'CodeIgniter\Session\Handlers\FileHandler' driver.
INFO - 2023-12-23 04:48:25 --> Session: Class initialized using 'CodeIgniter\Session\Handlers\FileHandler' driver.
INFO - 2023-12-23 04:48:38 --> Session: Class initialized using 'CodeIgniter\Session\Handlers\FileHandler' driver.
INFO - 2023-12-23 05:08:22 --> Session: Class initialized using 'CodeIgniter\Session\Handlers\FileHandler' driver.
INFO - 2023-12-23 05:08:26 --> Session: Class initialized using 'CodeIgniter\Session\Handlers\FileHandler' driver.
INFO - 2023-12-23 05:15:43 --> Session: Class initialized using 'CodeIgniter\Session\Handlers\FileHandler' driver.
INFO - 2023-12-23 05:15:46 --> Session: Class initialized using 'CodeIgniter\Session\Handlers\FileHandler' driver.
INFO - 2023-12-23 05:15:55 --> Session: Class initialized using 'CodeIgniter\Session\Handlers\FileHandler' driver.
INFO - 2023-12-23 05:17:06 --> Session: Class initialized using 'CodeIgniter\Session\Handlers\FileHandler' driver.
INFO - 2023-12-23 05:18:56 --> Session: Class initialized using 'CodeIgniter\Session\Handlers\FileHandler' driver.
INFO - 2023-12-23 05:20:46 --> Session: Class initialized using 'CodeIgniter\Session\Handlers\FileHandler' driver.
ERROR - 2023-12-23 05:20:52 --> mysqli_sql_exception: Table 'ci_project1.enquries' doesn't exist in D:\new server\xampp\htdocs\Codeignetor-Backend\system\Database\MySQLi\Connection.php:306
Stack trace:
#0 D:\new server\xampp\htdocs\Codeignetor-Backend\system\Database\MySQLi\Connection.php(306): mysqli->query('SELECT *\nFROM `...', 0)
#1 D:\new server\xampp\htdocs\Codeignetor-Backend\system\Database\BaseConnection.php(693): CodeIgniter\Database\MySQLi\Connection->execute('SELECT *\nFROM `...')
#2 D:\new server\xampp\htdocs\Codeignetor-Backend\system\Database\BaseConnection.php(607): CodeIgniter\Database\BaseConnection->simpleQuery('SELECT *\nFROM `...')
#3 D:\new server\xampp\htdocs\Codeignetor-Backend\system\Database\BaseBuilder.php(1615): CodeIgniter\Database\BaseConnection->query('SELECT *\nFROM `...', Array, false)
#4 D:\new server\xampp\htdocs\Codeignetor-Backend\system\Model.php(237): CodeIgniter\Database\BaseBuilder->get()
#5 D:\new server\xampp\htdocs\Codeignetor-Backend\system\BaseModel.php(624): CodeIgniter\Model->doFindAll(0, 0)
#6 D:\new server\xampp\htdocs\Codeignetor-Backend\app\Controllers\EnquriesController.php(22): CodeIgniter\BaseModel->findAll()
#7 D:\new server\xampp\htdocs\Codeignetor-Backend\system\CodeIgniter.php(942): App\Controllers\EnquriesController->index()
#8 D:\new server\xampp\htdocs\Codeignetor-Backend\system\CodeIgniter.php(502): CodeIgniter\CodeIgniter->runController(Object(App\Controllers\EnquriesController))
#9 D:\new server\xampp\htdocs\Codeignetor-Backend\system\CodeIgniter.php(361): CodeIgniter\CodeIgniter->handleRequest(NULL, Object(Config\Cache), false)
#10 D:\new server\xampp\htdocs\Codeignetor-Backend\public\index.php(79): CodeIgniter\CodeIgniter->run()
#11 D:\new server\xampp\htdocs\Codeignetor-Backend\system\Commands\Server\rewrite.php(47): require_once('D:\\new server\\x...')
#12 {main}
CRITICAL - 2023-12-23 05:20:52 --> Table 'ci_project1.enquries' doesn't exist
in SYSTEMPATH\Database\BaseConnection.php on line 647.
 1 SYSTEMPATH\Database\BaseBuilder.php(1615): CodeIgniter\Database\BaseConnection->query('SELECT *
FROM `enquries`', [], false)
 2 SYSTEMPATH\Model.php(237): CodeIgniter\Database\BaseBuilder->get()
 3 SYSTEMPATH\BaseModel.php(624): CodeIgniter\Model->doFindAll(0, 0)
 4 APPPATH\Controllers\EnquriesController.php(22): CodeIgniter\BaseModel->findAll()
 5 SYSTEMPATH\CodeIgniter.php(942): App\Controllers\EnquriesController->index()
 6 SYSTEMPATH\CodeIgniter.php(502): CodeIgniter\CodeIgniter->runController(Object(App\Controllers\EnquriesController))
 7 SYSTEMPATH\CodeIgniter.php(361): CodeIgniter\CodeIgniter->handleRequest(null, Object(Config\Cache), false)
 8 FCPATH\index.php(79): CodeIgniter\CodeIgniter->run()
 9 SYSTEMPATH\Commands\Server\rewrite.php(47): require_once('D:\\new server\\xampp\\htdocs\\Codeignetor-Backend\\public\\index.php')
ERROR - 2023-12-23 05:21:45 --> mysqli_sql_exception: Table 'ci_project1.enquries' doesn't exist in D:\new server\xampp\htdocs\Codeignetor-Backend\system\Database\MySQLi\Connection.php:306
Stack trace:
#0 D:\new server\xampp\htdocs\Codeignetor-Backend\system\Database\MySQLi\Connection.php(306): mysqli->query('SELECT *\nFROM `...', 0)
#1 D:\new server\xampp\htdocs\Codeignetor-Backend\system\Database\BaseConnection.php(693): CodeIgniter\Database\MySQLi\Connection->execute('SELECT *\nFROM `...')
#2 D:\new server\xampp\htdocs\Codeignetor-Backend\system\Database\BaseConnection.php(607): CodeIgniter\Database\BaseConnection->simpleQuery('SELECT *\nFROM `...')
#3 D:\new server\xampp\htdocs\Codeignetor-Backend\system\Database\BaseBuilder.php(1615): CodeIgniter\Database\BaseConnection->query('SELECT *\nFROM `...', Array, false)
#4 D:\new server\xampp\htdocs\Codeignetor-Backend\system\Model.php(237): CodeIgniter\Database\BaseBuilder->get()
#5 D:\new server\xampp\htdocs\Codeignetor-Backend\system\BaseModel.php(624): CodeIgniter\Model->doFindAll(0, 0)
#6 D:\new server\xampp\htdocs\Codeignetor-Backend\app\Controllers\EnquriesController.php(22): CodeIgniter\BaseModel->findAll()
#7 D:\new server\xampp\htdocs\Codeignetor-Backend\system\CodeIgniter.php(942): App\Controllers\EnquriesController->index()
#8 D:\new server\xampp\htdocs\Codeignetor-Backend\system\CodeIgniter.php(502): CodeIgniter\CodeIgniter->runController(Object(App\Controllers\EnquriesController))
#9 D:\new server\xampp\htdocs\Codeignetor-Backend\system\CodeIgniter.php(361): CodeIgniter\CodeIgniter->handleRequest(NULL, Object(Config\Cache), false)
#10 D:\new server\xampp\htdocs\Codeignetor-Backend\public\index.php(79): CodeIgniter\CodeIgniter->run()
#11 D:\new server\xampp\htdocs\Codeignetor-Backend\system\Commands\Server\rewrite.php(47): require_once('D:\\new server\\x...')
#12 {main}
CRITICAL - 2023-12-23 05:21:45 --> Table 'ci_project1.enquries' doesn't exist
in SYSTEMPATH\Database\BaseConnection.php on line 647.
 1 SYSTEMPATH\Database\BaseBuilder.php(1615): CodeIgniter\Database\BaseConnection->query('SELECT *
FROM `enquries`', [], false)
 2 SYSTEMPATH\Model.php(237): CodeIgniter\Database\BaseBuilder->get()
 3 SYSTEMPATH\BaseModel.php(624): CodeIgniter\Model->doFindAll(0, 0)
 4 APPPATH\Controllers\EnquriesController.php(22): CodeIgniter\BaseModel->findAll()
 5 SYSTEMPATH\CodeIgniter.php(942): App\Controllers\EnquriesController->index()
 6 SYSTEMPATH\CodeIgniter.php(502): CodeIgniter\CodeIgniter->runController(Object(App\Controllers\EnquriesController))
 7 SYSTEMPATH\CodeIgniter.php(361): CodeIgniter\CodeIgniter->handleRequest(null, Object(Config\Cache), false)
 8 FCPATH\index.php(79): CodeIgniter\CodeIgniter->run()
 9 SYSTEMPATH\Commands\Server\rewrite.php(47): require_once('D:\\new server\\xampp\\htdocs\\Codeignetor-Backend\\public\\index.php')
INFO - 2023-12-23 05:21:48 --> Session: Class initialized using 'CodeIgniter\Session\Handlers\FileHandler' driver.
ERROR - 2023-12-23 05:21:53 --> mysqli_sql_exception: Table 'ci_project1.enquries' doesn't exist in D:\new server\xampp\htdocs\Codeignetor-Backend\system\Database\MySQLi\Connection.php:306
Stack trace:
#0 D:\new server\xampp\htdocs\Codeignetor-Backend\system\Database\MySQLi\Connection.php(306): mysqli->query('SELECT *\nFROM `...', 0)
#1 D:\new server\xampp\htdocs\Codeignetor-Backend\system\Database\BaseConnection.php(693): CodeIgniter\Database\MySQLi\Connection->execute('SELECT *\nFROM `...')
#2 D:\new server\xampp\htdocs\Codeignetor-Backend\system\Database\BaseConnection.php(607): CodeIgniter\Database\BaseConnection->simpleQuery('SELECT *\nFROM `...')
#3 D:\new server\xampp\htdocs\Codeignetor-Backend\system\Database\BaseBuilder.php(1615): CodeIgniter\Database\BaseConnection->query('SELECT *\nFROM `...', Array, false)
#4 D:\new server\xampp\htdocs\Codeignetor-Backend\system\Model.php(237): CodeIgniter\Database\BaseBuilder->get()
#5 D:\new server\xampp\htdocs\Codeignetor-Backend\system\BaseModel.php(624): CodeIgniter\Model->doFindAll(0, 0)
#6 D:\new server\xampp\htdocs\Codeignetor-Backend\app\Controllers\EnquriesController.php(22): CodeIgniter\BaseModel->findAll()
#7 D:\new server\xampp\htdocs\Codeignetor-Backend\system\CodeIgniter.php(942): App\Controllers\EnquriesController->index()
#8 D:\new server\xampp\htdocs\Codeignetor-Backend\system\CodeIgniter.php(502): CodeIgniter\CodeIgniter->runController(Object(App\Controllers\EnquriesController))
#9 D:\new server\xampp\htdocs\Codeignetor-Backend\system\CodeIgniter.php(361): CodeIgniter\CodeIgniter->handleRequest(NULL, Object(Config\Cache), false)
#10 D:\new server\xampp\htdocs\Codeignetor-Backend\public\index.php(79): CodeIgniter\CodeIgniter->run()
#11 D:\new server\xampp\htdocs\Codeignetor-Backend\system\Commands\Server\rewrite.php(47): require_once('D:\\new server\\x...')
#12 {main}
CRITICAL - 2023-12-23 05:21:53 --> Table 'ci_project1.enquries' doesn't exist
in SYSTEMPATH\Database\BaseConnection.php on line 647.
 1 SYSTEMPATH\Database\BaseBuilder.php(1615): CodeIgniter\Database\BaseConnection->query('SELECT *
FROM `enquries`', [], false)
 2 SYSTEMPATH\Model.php(237): CodeIgniter\Database\BaseBuilder->get()
 3 SYSTEMPATH\BaseModel.php(624): CodeIgniter\Model->doFindAll(0, 0)
 4 APPPATH\Controllers\EnquriesController.php(22): CodeIgniter\BaseModel->findAll()
 5 SYSTEMPATH\CodeIgniter.php(942): App\Controllers\EnquriesController->index()
 6 SYSTEMPATH\CodeIgniter.php(502): CodeIgniter\CodeIgniter->runController(Object(App\Controllers\EnquriesController))
 7 SYSTEMPATH\CodeIgniter.php(361): CodeIgniter\CodeIgniter->handleRequest(null, Object(Config\Cache), false)
 8 FCPATH\index.php(79): CodeIgniter\CodeIgniter->run()
 9 SYSTEMPATH\Commands\Server\rewrite.php(47): require_once('D:\\new server\\xampp\\htdocs\\Codeignetor-Backend\\public\\index.php')
INFO - 2023-12-23 05:25:46 --> Session: Class initialized using 'CodeIgniter\Session\Handlers\FileHandler' driver.
INFO - 2023-12-23 05:25:49 --> Session: Class initialized using 'CodeIgniter\Session\Handlers\FileHandler' driver.
INFO - 2023-12-23 05:27:07 --> Session: Class initialized using 'CodeIgniter\Session\Handlers\FileHandler' driver.
INFO - 2023-12-23 05:29:58 --> Session: Class initialized using 'CodeIgniter\Session\Handlers\FileHandler' driver.
INFO - 2023-12-23 05:32:30 --> Session: Class initialized using 'CodeIgniter\Session\Handlers\FileHandler' driver.
INFO - 2023-12-23 05:33:15 --> Session: Class initialized using 'CodeIgniter\Session\Handlers\FileHandler' driver.
INFO - 2023-12-23 05:34:34 --> Session: Class initialized using 'CodeIgniter\Session\Handlers\FileHandler' driver.
INFO - 2023-12-23 05:34:37 --> Session: Class initialized using 'CodeIgniter\Session\Handlers\FileHandler' driver.
INFO - 2023-12-23 05:34:39 --> Session: Class initialized using 'CodeIgniter\Session\Handlers\FileHandler' driver.
INFO - 2023-12-23 05:34:54 --> Session: Class initialized using 'CodeIgniter\Session\Handlers\FileHandler' driver.
INFO - 2023-12-23 05:44:21 --> Session: Class initialized using 'CodeIgniter\Session\Handlers\FileHandler' driver.
INFO - 2023-12-23 05:46:43 --> Session: Class initialized using 'CodeIgniter\Session\Handlers\FileHandler' driver.
INFO - 2023-12-23 05:46:48 --> Session: Class initialized using 'CodeIgniter\Session\Handlers\FileHandler' driver.
INFO - 2023-12-23 05:57:05 --> Session: Class initialized using 'CodeIgniter\Session\Handlers\FileHandler' driver.
INFO - 2023-12-23 05:59:27 --> Session: Class initialized using 'CodeIgniter\Session\Handlers\FileHandler' driver.
INFO - 2023-12-23 05:59:38 --> Session: Class initialized using 'CodeIgniter\Session\Handlers\FileHandler' driver.
INFO - 2023-12-23 06:00:43 --> Session: Class initialized using 'CodeIgniter\Session\Handlers\FileHandler' driver.
INFO - 2023-12-23 06:00:48 --> Session: Class initialized using 'CodeIgniter\Session\Handlers\FileHandler' driver.
INFO - 2023-12-23 06:01:23 --> Session: Class initialized using 'CodeIgniter\Session\Handlers\FileHandler' driver.
INFO - 2023-12-23 06:02:26 --> Session: Class initialized using 'CodeIgniter\Session\Handlers\FileHandler' driver.
INFO - 2023-12-23 06:02:44 --> Session: Class initialized using 'CodeIgniter\Session\Handlers\FileHandler' driver.
INFO - 2023-12-23 06:14:00 --> Session: Class initialized using 'CodeIgniter\Session\Handlers\FileHandler' driver.
INFO - 2023-12-23 06:14:02 --> Session: Class initialized using 'CodeIgniter\Session\Handlers\FileHandler' driver.
INFO - 2023-12-23 06:14:10 --> Session: Class initialized using 'CodeIgniter\Session\Handlers\FileHandler' driver.
INFO - 2023-12-23 06:19:37 --> Session: Class initialized using 'CodeIgniter\Session\Handlers\FileHandler' driver.
INFO - 2023-12-23 06:19:44 --> Session: Class initialized using 'CodeIgniter\Session\Handlers\FileHandler' driver.
INFO - 2023-12-23 06:26:05 --> Session: Class initialized using 'CodeIgniter\Session\Handlers\FileHandler' driver.
INFO - 2023-12-23 06:26:07 --> Session: Class initialized using 'CodeIgniter\Session\Handlers\FileHandler' driver.
INFO - 2023-12-23 06:26:15 --> Session: Class initialized using 'CodeIgniter\Session\Handlers\FileHandler' driver.
INFO - 2023-12-23 06:26:15 --> Session: Class initialized using 'CodeIgniter\Session\Handlers\FileHandler' driver.
INFO - 2023-12-23 06:27:07 --> Session: Class initialized using 'CodeIgniter\Session\Handlers\FileHandler' driver.
INFO - 2023-12-23 06:27:09 --> Session: Class initialized using 'CodeIgniter\Session\Handlers\FileHandler' driver.
INFO - 2023-12-23 06:27:11 --> Session: Class initialized using 'CodeIgniter\Session\Handlers\FileHandler' driver.
ERROR - 2023-12-23 06:27:13 --> mysqli_sql_exception: Unknown column 'products.product_id' in 'where clause' in D:\new server\xampp\htdocs\Codeignetor-Backend\system\Database\MySQLi\Connection.php:306
Stack trace:
#0 D:\new server\xampp\htdocs\Codeignetor-Backend\system\Database\MySQLi\Connection.php(306): mysqli->query('SELECT *\nFROM `...', 0)
#1 D:\new server\xampp\htdocs\Codeignetor-Backend\system\Database\BaseConnection.php(693): CodeIgniter\Database\MySQLi\Connection->execute('SELECT *\nFROM `...')
#2 D:\new server\xampp\htdocs\Codeignetor-Backend\system\Database\BaseConnection.php(607): CodeIgniter\Database\BaseConnection->simpleQuery('SELECT *\nFROM `...')
#3 D:\new server\xampp\htdocs\Codeignetor-Backend\system\Database\BaseBuilder.php(1615): CodeIgniter\Database\BaseConnection->query('SELECT *\nFROM `...', Array, false)
#4 D:\new server\xampp\htdocs\Codeignetor-Backend\system\Model.php(196): CodeIgniter\Database\BaseBuilder->get()
#5 D:\new server\xampp\htdocs\Codeignetor-Backend\system\BaseModel.php(563): CodeIgniter\Model->doFind(true, '12')
#6 D:\new server\xampp\htdocs\Codeignetor-Backend\app\Controllers\ProductController.php(42): CodeIgniter\BaseModel->find('12')
#7 D:\new server\xampp\htdocs\Codeignetor-Backend\system\CodeIgniter.php(942): App\Controllers\ProductController->edit('12')
#8 D:\new server\xampp\htdocs\Codeignetor-Backend\system\CodeIgniter.php(502): CodeIgniter\CodeIgniter->runController(Object(App\Controllers\ProductController))
#9 D:\new server\xampp\htdocs\Codeignetor-Backend\system\CodeIgniter.php(361): CodeIgniter\CodeIgniter->handleRequest(NULL, Object(Config\Cache), false)
#10 D:\new server\xampp\htdocs\Codeignetor-Backend\public\index.php(79): CodeIgniter\CodeIgniter->run()
#11 D:\new server\xampp\htdocs\Codeignetor-Backend\system\Commands\Server\rewrite.php(47): require_once('D:\\new server\\x...')
#12 {main}
CRITICAL - 2023-12-23 06:27:13 --> Unknown column 'products.product_id' in 'where clause'
in SYSTEMPATH\Database\BaseConnection.php on line 647.
 1 SYSTEMPATH\Database\BaseBuilder.php(1615): CodeIgniter\Database\BaseConnection->query('SELECT *
FROM `products`
WHERE `products`.`product_id` = :products.product_id:', [...], false)
 2 SYSTEMPATH\Model.php(196): CodeIgniter\Database\BaseBuilder->get()
 3 SYSTEMPATH\BaseModel.php(563): CodeIgniter\Model->doFind(true, '12')
 4 APPPATH\Controllers\ProductController.php(42): CodeIgniter\BaseModel->find('12')
 5 SYSTEMPATH\CodeIgniter.php(942): App\Controllers\ProductController->edit('12')
 6 SYSTEMPATH\CodeIgniter.php(502): CodeIgniter\CodeIgniter->runController(Object(App\Controllers\ProductController))
 7 SYSTEMPATH\CodeIgniter.php(361): CodeIgniter\CodeIgniter->handleRequest(null, Object(Config\Cache), false)
 8 FCPATH\index.php(79): CodeIgniter\CodeIgniter->run()
 9 SYSTEMPATH\Commands\Server\rewrite.php(47): require_once('D:\\new server\\xampp\\htdocs\\Codeignetor-Backend\\public\\index.php')
INFO - 2023-12-23 06:27:28 --> Session: Class initialized using 'CodeIgniter\Session\Handlers\FileHandler' driver.
ERROR - 2023-12-23 06:27:31 --> mysqli_sql_exception: Unknown column 'products.product_id' in 'where clause' in D:\new server\xampp\htdocs\Codeignetor-Backend\system\Database\MySQLi\Connection.php:306
Stack trace:
#0 D:\new server\xampp\htdocs\Codeignetor-Backend\system\Database\MySQLi\Connection.php(306): mysqli->query('SELECT *\nFROM `...', 0)
#1 D:\new server\xampp\htdocs\Codeignetor-Backend\system\Database\BaseConnection.php(693): CodeIgniter\Database\MySQLi\Connection->execute('SELECT *\nFROM `...')
#2 D:\new server\xampp\htdocs\Codeignetor-Backend\system\Database\BaseConnection.php(607): CodeIgniter\Database\BaseConnection->simpleQuery('SELECT *\nFROM `...')
#3 D:\new server\xampp\htdocs\Codeignetor-Backend\system\Database\BaseBuilder.php(1615): CodeIgniter\Database\BaseConnection->query('SELECT *\nFROM `...', Array, false)
#4 D:\new server\xampp\htdocs\Codeignetor-Backend\system\Model.php(196): CodeIgniter\Database\BaseBuilder->get()
#5 D:\new server\xampp\htdocs\Codeignetor-Backend\system\BaseModel.php(563): CodeIgniter\Model->doFind(true, '13')
#6 D:\new server\xampp\htdocs\Codeignetor-Backend\app\Controllers\ProductController.php(42): CodeIgniter\BaseModel->find('13')
#7 D:\new server\xampp\htdocs\Codeignetor-Backend\system\CodeIgniter.php(942): App\Controllers\ProductController->edit('13')
#8 D:\new server\xampp\htdocs\Codeignetor-Backend\system\CodeIgniter.php(502): CodeIgniter\CodeIgniter->runController(Object(App\Controllers\ProductController))
#9 D:\new server\xampp\htdocs\Codeignetor-Backend\system\CodeIgniter.php(361): CodeIgniter\CodeIgniter->handleRequest(NULL, Object(Config\Cache), false)
#10 D:\new server\xampp\htdocs\Codeignetor-Backend\public\index.php(79): CodeIgniter\CodeIgniter->run()
#11 D:\new server\xampp\htdocs\Codeignetor-Backend\system\Commands\Server\rewrite.php(47): require_once('D:\\new server\\x...')
#12 {main}
CRITICAL - 2023-12-23 06:27:31 --> Unknown column 'products.product_id' in 'where clause'
in SYSTEMPATH\Database\BaseConnection.php on line 647.
 1 SYSTEMPATH\Database\BaseBuilder.php(1615): CodeIgniter\Database\BaseConnection->query('SELECT *
FROM `products`
WHERE `products`.`product_id` = :products.product_id:', [...], false)
 2 SYSTEMPATH\Model.php(196): CodeIgniter\Database\BaseBuilder->get()
 3 SYSTEMPATH\BaseModel.php(563): CodeIgniter\Model->doFind(true, '13')
 4 APPPATH\Controllers\ProductController.php(42): CodeIgniter\BaseModel->find('13')
 5 SYSTEMPATH\CodeIgniter.php(942): App\Controllers\ProductController->edit('13')
 6 SYSTEMPATH\CodeIgniter.php(502): CodeIgniter\CodeIgniter->runController(Object(App\Controllers\ProductController))
 7 SYSTEMPATH\CodeIgniter.php(361): CodeIgniter\CodeIgniter->handleRequest(null, Object(Config\Cache), false)
 8 FCPATH\index.php(79): CodeIgniter\CodeIgniter->run()
 9 SYSTEMPATH\Commands\Server\rewrite.php(47): require_once('D:\\new server\\xampp\\htdocs\\Codeignetor-Backend\\public\\index.php')
INFO - 2023-12-23 06:31:20 --> Session: Class initialized using 'CodeIgniter\Session\Handlers\FileHandler' driver.
INFO - 2023-12-23 06:37:53 --> Session: Class initialized using 'CodeIgniter\Session\Handlers\FileHandler' driver.
ERROR - 2023-12-23 06:37:59 --> mysqli_sql_exception: Unknown column 'products.product_id' in 'where clause' in D:\new server\xampp\htdocs\Codeignetor-Backend\system\Database\MySQLi\Connection.php:306
Stack trace:
#0 D:\new server\xampp\htdocs\Codeignetor-Backend\system\Database\MySQLi\Connection.php(306): mysqli->query('SELECT *\nFROM `...', 0)
#1 D:\new server\xampp\htdocs\Codeignetor-Backend\system\Database\BaseConnection.php(693): CodeIgniter\Database\MySQLi\Connection->execute('SELECT *\nFROM `...')
#2 D:\new server\xampp\htdocs\Codeignetor-Backend\system\Database\BaseConnection.php(607): CodeIgniter\Database\BaseConnection->simpleQuery('SELECT *\nFROM `...')
#3 D:\new server\xampp\htdocs\Codeignetor-Backend\system\Database\BaseBuilder.php(1615): CodeIgniter\Database\BaseConnection->query('SELECT *\nFROM `...', Array, false)
#4 D:\new server\xampp\htdocs\Codeignetor-Backend\system\Model.php(196): CodeIgniter\Database\BaseBuilder->get()
#5 D:\new server\xampp\htdocs\Codeignetor-Backend\system\BaseModel.php(563): CodeIgniter\Model->doFind(true, '12')
#6 D:\new server\xampp\htdocs\Codeignetor-Backend\app\Controllers\ProductController.php(42): CodeIgniter\BaseModel->find('12')
#7 D:\new server\xampp\htdocs\Codeignetor-Backend\system\CodeIgniter.php(942): App\Controllers\ProductController->edit('12')
#8 D:\new server\xampp\htdocs\Codeignetor-Backend\system\CodeIgniter.php(502): CodeIgniter\CodeIgniter->runController(Object(App\Controllers\ProductController))
#9 D:\new server\xampp\htdocs\Codeignetor-Backend\system\CodeIgniter.php(361): CodeIgniter\CodeIgniter->handleRequest(NULL, Object(Config\Cache), false)
#10 D:\new server\xampp\htdocs\Codeignetor-Backend\public\index.php(79): CodeIgniter\CodeIgniter->run()
#11 D:\new server\xampp\htdocs\Codeignetor-Backend\system\Commands\Server\rewrite.php(47): require_once('D:\\new server\\x...')
#12 {main}
CRITICAL - 2023-12-23 06:37:59 --> Unknown column 'products.product_id' in 'where clause'
in SYSTEMPATH\Database\BaseConnection.php on line 647.
 1 SYSTEMPATH\Database\BaseBuilder.php(1615): CodeIgniter\Database\BaseConnection->query('SELECT *
FROM `products`
WHERE `products`.`product_id` = :products.product_id:', [...], false)
 2 SYSTEMPATH\Model.php(196): CodeIgniter\Database\BaseBuilder->get()
 3 SYSTEMPATH\BaseModel.php(563): CodeIgniter\Model->doFind(true, '12')
 4 APPPATH\Controllers\ProductController.php(42): CodeIgniter\BaseModel->find('12')
 5 SYSTEMPATH\CodeIgniter.php(942): App\Controllers\ProductController->edit('12')
 6 SYSTEMPATH\CodeIgniter.php(502): CodeIgniter\CodeIgniter->runController(Object(App\Controllers\ProductController))
 7 SYSTEMPATH\CodeIgniter.php(361): CodeIgniter\CodeIgniter->handleRequest(null, Object(Config\Cache), false)
 8 FCPATH\index.php(79): CodeIgniter\CodeIgniter->run()
 9 SYSTEMPATH\Commands\Server\rewrite.php(47): require_once('D:\\new server\\xampp\\htdocs\\Codeignetor-Backend\\public\\index.php')
INFO - 2023-12-23 06:38:02 --> Session: Class initialized using 'CodeIgniter\Session\Handlers\FileHandler' driver.
ERROR - 2023-12-23 06:39:59 --> mysqli_sql_exception: Unknown column 'products.product_id' in 'where clause' in D:\new server\xampp\htdocs\Codeignetor-Backend\system\Database\MySQLi\Connection.php:306
Stack trace:
#0 D:\new server\xampp\htdocs\Codeignetor-Backend\system\Database\MySQLi\Connection.php(306): mysqli->query('SELECT *\nFROM `...', 0)
#1 D:\new server\xampp\htdocs\Codeignetor-Backend\system\Database\BaseConnection.php(693): CodeIgniter\Database\MySQLi\Connection->execute('SELECT *\nFROM `...')
#2 D:\new server\xampp\htdocs\Codeignetor-Backend\system\Database\BaseConnection.php(607): CodeIgniter\Database\BaseConnection->simpleQuery('SELECT *\nFROM `...')
#3 D:\new server\xampp\htdocs\Codeignetor-Backend\system\Database\BaseBuilder.php(1615): CodeIgniter\Database\BaseConnection->query('SELECT *\nFROM `...', Array, false)
#4 D:\new server\xampp\htdocs\Codeignetor-Backend\system\Model.php(196): CodeIgniter\Database\BaseBuilder->get()
#5 D:\new server\xampp\htdocs\Codeignetor-Backend\system\BaseModel.php(563): CodeIgniter\Model->doFind(true, '16')
#6 D:\new server\xampp\htdocs\Codeignetor-Backend\app\Controllers\ProductController.php(42): CodeIgniter\BaseModel->find('16')
#7 D:\new server\xampp\htdocs\Codeignetor-Backend\system\CodeIgniter.php(942): App\Controllers\ProductController->edit('16')
#8 D:\new server\xampp\htdocs\Codeignetor-Backend\system\CodeIgniter.php(502): CodeIgniter\CodeIgniter->runController(Object(App\Controllers\ProductController))
#9 D:\new server\xampp\htdocs\Codeignetor-Backend\system\CodeIgniter.php(361): CodeIgniter\CodeIgniter->handleRequest(NULL, Object(Config\Cache), false)
#10 D:\new server\xampp\htdocs\Codeignetor-Backend\public\index.php(79): CodeIgniter\CodeIgniter->run()
#11 D:\new server\xampp\htdocs\Codeignetor-Backend\system\Commands\Server\rewrite.php(47): require_once('D:\\new server\\x...')
#12 {main}
CRITICAL - 2023-12-23 06:39:59 --> Unknown column 'products.product_id' in 'where clause'
in SYSTEMPATH\Database\BaseConnection.php on line 647.
 1 SYSTEMPATH\Database\BaseBuilder.php(1615): CodeIgniter\Database\BaseConnection->query('SELECT *
FROM `products`
WHERE `products`.`product_id` = :products.product_id:', [...], false)
 2 SYSTEMPATH\Model.php(196): CodeIgniter\Database\BaseBuilder->get()
 3 SYSTEMPATH\BaseModel.php(563): CodeIgniter\Model->doFind(true, '16')
 4 APPPATH\Controllers\ProductController.php(42): CodeIgniter\BaseModel->find('16')
 5 SYSTEMPATH\CodeIgniter.php(942): App\Controllers\ProductController->edit('16')
 6 SYSTEMPATH\CodeIgniter.php(502): CodeIgniter\CodeIgniter->runController(Object(App\Controllers\ProductController))
 7 SYSTEMPATH\CodeIgniter.php(361): CodeIgniter\CodeIgniter->handleRequest(null, Object(Config\Cache), false)
 8 FCPATH\index.php(79): CodeIgniter\CodeIgniter->run()
 9 SYSTEMPATH\Commands\Server\rewrite.php(47): require_once('D:\\new server\\xampp\\htdocs\\Codeignetor-Backend\\public\\index.php')
ERROR - 2023-12-23 06:40:50 --> mysqli_sql_exception: Unknown column 'products.product_id' in 'where clause' in D:\new server\xampp\htdocs\Codeignetor-Backend\system\Database\MySQLi\Connection.php:306
Stack trace:
#0 D:\new server\xampp\htdocs\Codeignetor-Backend\system\Database\MySQLi\Connection.php(306): mysqli->query('SELECT *\nFROM `...', 0)
#1 D:\new server\xampp\htdocs\Codeignetor-Backend\system\Database\BaseConnection.php(693): CodeIgniter\Database\MySQLi\Connection->execute('SELECT *\nFROM `...')
#2 D:\new server\xampp\htdocs\Codeignetor-Backend\system\Database\BaseConnection.php(607): CodeIgniter\Database\BaseConnection->simpleQuery('SELECT *\nFROM `...')
#3 D:\new server\xampp\htdocs\Codeignetor-Backend\system\Database\BaseBuilder.php(1615): CodeIgniter\Database\BaseConnection->query('SELECT *\nFROM `...', Array, false)
#4 D:\new server\xampp\htdocs\Codeignetor-Backend\system\Model.php(196): CodeIgniter\Database\BaseBuilder->get()
#5 D:\new server\xampp\htdocs\Codeignetor-Backend\system\BaseModel.php(563): CodeIgniter\Model->doFind(true, '16')
#6 D:\new server\xampp\htdocs\Codeignetor-Backend\app\Controllers\ProductController.php(42): CodeIgniter\BaseModel->find('16')
#7 D:\new server\xampp\htdocs\Codeignetor-Backend\system\CodeIgniter.php(942): App\Controllers\ProductController->edit('16')
#8 D:\new server\xampp\htdocs\Codeignetor-Backend\system\CodeIgniter.php(502): CodeIgniter\CodeIgniter->runController(Object(App\Controllers\ProductController))
#9 D:\new server\xampp\htdocs\Codeignetor-Backend\system\CodeIgniter.php(361): CodeIgniter\CodeIgniter->handleRequest(NULL, Object(Config\Cache), false)
#10 D:\new server\xampp\htdocs\Codeignetor-Backend\public\index.php(79): CodeIgniter\CodeIgniter->run()
#11 D:\new server\xampp\htdocs\Codeignetor-Backend\system\Commands\Server\rewrite.php(47): require_once('D:\\new server\\x...')
#12 {main}
CRITICAL - 2023-12-23 06:40:50 --> Unknown column 'products.product_id' in 'where clause'
in SYSTEMPATH\Database\BaseConnection.php on line 647.
 1 SYSTEMPATH\Database\BaseBuilder.php(1615): CodeIgniter\Database\BaseConnection->query('SELECT *
FROM `products`
WHERE `products`.`product_id` = :products.product_id:', [...], false)
 2 SYSTEMPATH\Model.php(196): CodeIgniter\Database\BaseBuilder->get()
 3 SYSTEMPATH\BaseModel.php(563): CodeIgniter\Model->doFind(true, '16')
 4 APPPATH\Controllers\ProductController.php(42): CodeIgniter\BaseModel->find('16')
 5 SYSTEMPATH\CodeIgniter.php(942): App\Controllers\ProductController->edit('16')
 6 SYSTEMPATH\CodeIgniter.php(502): CodeIgniter\CodeIgniter->runController(Object(App\Controllers\ProductController))
 7 SYSTEMPATH\CodeIgniter.php(361): CodeIgniter\CodeIgniter->handleRequest(null, Object(Config\Cache), false)
 8 FCPATH\index.php(79): CodeIgniter\CodeIgniter->run()
 9 SYSTEMPATH\Commands\Server\rewrite.php(47): require_once('D:\\new server\\xampp\\htdocs\\Codeignetor-Backend\\public\\index.php')
INFO - 2023-12-23 06:43:47 --> Session: Class initialized using 'CodeIgniter\Session\Handlers\FileHandler' driver.
CRITICAL - 2023-12-23 06:43:47 --> Undefined variable $category
in APPPATH\Views\products\edit.php on line 71.
 1 APPPATH\Views\products\edit.php(71): CodeIgniter\Debug\Exceptions->errorHandler(2, 'Undefined variable $category', 'D:\\new server\\xampp\\htdocs\\Codeignetor-Backend\\app\\Views\\products\\edit.php', 71)
 2 SYSTEMPATH\View\View.php(228): include('D:\\new server\\xampp\\htdocs\\Codeignetor-Backend\\app\\Views\\products\\edit.php')
 3 SYSTEMPATH\View\View.php(231): CodeIgniter\View\View->CodeIgniter\View\{closure}()
 4 SYSTEMPATH\Common.php(1190): CodeIgniter\View\View->render('products/edit', [], true)
 5 APPPATH\Controllers\ProductController.php(44): view('products/edit', [...])
 6 SYSTEMPATH\CodeIgniter.php(942): App\Controllers\ProductController->edit('16')
 7 SYSTEMPATH\CodeIgniter.php(502): CodeIgniter\CodeIgniter->runController(Object(App\Controllers\ProductController))
 8 SYSTEMPATH\CodeIgniter.php(361): CodeIgniter\CodeIgniter->handleRequest(null, Object(Config\Cache), false)
 9 FCPATH\index.php(79): CodeIgniter\CodeIgniter->run()
10 SYSTEMPATH\Commands\Server\rewrite.php(47): require_once('D:\\new server\\xampp\\htdocs\\Codeignetor-Backend\\public\\index.php')
INFO - 2023-12-23 06:46:36 --> Session: Class initialized using 'CodeIgniter\Session\Handlers\FileHandler' driver.
CRITICAL - 2023-12-23 06:46:36 --> Undefined variable $category
in APPPATH\Views\products\edit.php on line 71.
 1 APPPATH\Views\products\edit.php(71): CodeIgniter\Debug\Exceptions->errorHandler(2, 'Undefined variable $category', 'D:\\new server\\xampp\\htdocs\\Codeignetor-Backend\\app\\Views\\products\\edit.php', 71)
 2 SYSTEMPATH\View\View.php(228): include('D:\\new server\\xampp\\htdocs\\Codeignetor-Backend\\app\\Views\\products\\edit.php')
 3 SYSTEMPATH\View\View.php(231): CodeIgniter\View\View->CodeIgniter\View\{closure}()
 4 SYSTEMPATH\Common.php(1190): CodeIgniter\View\View->render('products/edit', [], true)
 5 APPPATH\Controllers\ProductController.php(44): view('products/edit', [...])
 6 SYSTEMPATH\CodeIgniter.php(942): App\Controllers\ProductController->edit('16')
 7 SYSTEMPATH\CodeIgniter.php(502): CodeIgniter\CodeIgniter->runController(Object(App\Controllers\ProductController))
 8 SYSTEMPATH\CodeIgniter.php(361): CodeIgniter\CodeIgniter->handleRequest(null, Object(Config\Cache), false)
 9 FCPATH\index.php(79): CodeIgniter\CodeIgniter->run()
10 SYSTEMPATH\Commands\Server\rewrite.php(47): require_once('D:\\new server\\xampp\\htdocs\\Codeignetor-Backend\\public\\index.php')
INFO - 2023-12-23 06:46:40 --> Session: Class initialized using 'CodeIgniter\Session\Handlers\FileHandler' driver.
CRITICAL - 2023-12-23 06:46:40 --> Undefined variable $category
in APPPATH\Views\products\edit.php on line 71.
 1 APPPATH\Views\products\edit.php(71): CodeIgniter\Debug\Exceptions->errorHandler(2, 'Undefined variable $category', 'D:\\new server\\xampp\\htdocs\\Codeignetor-Backend\\app\\Views\\products\\edit.php', 71)
 2 SYSTEMPATH\View\View.php(228): include('D:\\new server\\xampp\\htdocs\\Codeignetor-Backend\\app\\Views\\products\\edit.php')
 3 SYSTEMPATH\View\View.php(231): CodeIgniter\View\View->CodeIgniter\View\{closure}()
 4 SYSTEMPATH\Common.php(1190): CodeIgniter\View\View->render('products/edit', [], true)
 5 APPPATH\Controllers\ProductController.php(44): view('products/edit', [...])
 6 SYSTEMPATH\CodeIgniter.php(942): App\Controllers\ProductController->edit('16')
 7 SYSTEMPATH\CodeIgniter.php(502): CodeIgniter\CodeIgniter->runController(Object(App\Controllers\ProductController))
 8 SYSTEMPATH\CodeIgniter.php(361): CodeIgniter\CodeIgniter->handleRequest(null, Object(Config\Cache), false)
 9 FCPATH\index.php(79): CodeIgniter\CodeIgniter->run()
10 SYSTEMPATH\Commands\Server\rewrite.php(47): require_once('D:\\new server\\xampp\\htdocs\\Codeignetor-Backend\\public\\index.php')
INFO - 2023-12-23 06:47:16 --> Session: Class initialized using 'CodeIgniter\Session\Handlers\FileHandler' driver.
INFO - 2023-12-23 06:47:39 --> Session: Class initialized using 'CodeIgniter\Session\Handlers\FileHandler' driver.
INFO - 2023-12-23 06:47:39 --> Session: Class initialized using 'CodeIgniter\Session\Handlers\FileHandler' driver.
INFO - 2023-12-23 06:53:51 --> Session: Class initialized using 'CodeIgniter\Session\Handlers\FileHandler' driver.
INFO - 2023-12-23 06:54:00 --> Session: Class initialized using 'CodeIgniter\Session\Handlers\FileHandler' driver.
INFO - 2023-12-23 06:54:00 --> Session: Class initialized using 'CodeIgniter\Session\Handlers\FileHandler' driver.
INFO - 2023-12-23 06:54:15 --> Session: Class initialized using 'CodeIgniter\Session\Handlers\FileHandler' driver.
INFO - 2023-12-23 06:54:18 --> Session: Class initialized using 'CodeIgniter\Session\Handlers\FileHandler' driver.
INFO - 2023-12-23 06:54:28 --> Session: Class initialized using 'CodeIgniter\Session\Handlers\FileHandler' driver.
INFO - 2023-12-23 06:54:37 --> Session: Class initialized using 'CodeIgniter\Session\Handlers\FileHandler' driver.
INFO - 2023-12-23 06:54:39 --> Session: Class initialized using 'CodeIgniter\Session\Handlers\FileHandler' driver.
INFO - 2023-12-23 06:54:42 --> Session: Class initialized using 'CodeIgniter\Session\Handlers\FileHandler' driver.
INFO - 2023-12-23 06:54:47 --> Session: Class initialized using 'CodeIgniter\Session\Handlers\FileHandler' driver.
INFO - 2023-12-23 06:54:55 --> Session: Class initialized using 'CodeIgniter\Session\Handlers\FileHandler' driver.
INFO - 2023-12-23 06:54:56 --> Session: Class initialized using 'CodeIgniter\Session\Handlers\FileHandler' driver.
INFO - 2023-12-23 06:55:04 --> Session: Class initialized using 'CodeIgniter\Session\Handlers\FileHandler' driver.
INFO - 2023-12-23 06:55:11 --> Session: Class initialized using 'CodeIgniter\Session\Handlers\FileHandler' driver.
INFO - 2023-12-23 06:55:35 --> Session: Class initialized using 'CodeIgniter\Session\Handlers\FileHandler' driver.
INFO - 2023-12-23 06:55:43 --> Session: Class initialized using 'CodeIgniter\Session\Handlers\FileHandler' driver.
INFO - 2023-12-23 06:55:50 --> Session: Class initialized using 'CodeIgniter\Session\Handlers\FileHandler' driver.
INFO - 2023-12-23 06:55:56 --> Session: Class initialized using 'CodeIgniter\Session\Handlers\FileHandler' driver.
CRITICAL - 2023-12-23 06:56:42 --> view(): Argument #2 ($data) must be of type array, null given, called in D:\new server\xampp\htdocs\Codeignetor-Backend\app\Controllers\ProductController.php on line 44
in SYSTEMPATH\Common.php on line 1178.
 1 APPPATH\Controllers\ProductController.php(44): view('products/edit', null)
 2 SYSTEMPATH\CodeIgniter.php(942): App\Controllers\ProductController->edit('6')
 3 SYSTEMPATH\CodeIgniter.php(502): CodeIgniter\CodeIgniter->runController(Object(App\Controllers\ProductController))
 4 SYSTEMPATH\CodeIgniter.php(361): CodeIgniter\CodeIgniter->handleRequest(null, Object(Config\Cache), false)
 5 FCPATH\index.php(79): CodeIgniter\CodeIgniter->run()
 6 SYSTEMPATH\Commands\Server\rewrite.php(47): require_once('D:\\new server\\xampp\\htdocs\\Codeignetor-Backend\\public\\index.php')
INFO - 2023-12-23 06:56:45 --> Session: Class initialized using 'CodeIgniter\Session\Handlers\FileHandler' driver.
INFO - 2023-12-23 06:56:47 --> Session: Class initialized using 'CodeIgniter\Session\Handlers\FileHandler' driver.
INFO - 2023-12-23 06:56:51 --> Session: Class initialized using 'CodeIgniter\Session\Handlers\FileHandler' driver.
INFO - 2023-12-23 06:56:54 --> Session: Class initialized using 'CodeIgniter\Session\Handlers\FileHandler' driver.
INFO - 2023-12-23 06:57:23 --> Session: Class initialized using 'CodeIgniter\Session\Handlers\FileHandler' driver.
CRITICAL - 2023-12-23 06:57:27 --> view(): Argument #2 ($data) must be of type array, null given, called in D:\new server\xampp\htdocs\Codeignetor-Backend\app\Controllers\ProductController.php on line 44
in SYSTEMPATH\Common.php on line 1178.
 1 APPPATH\Controllers\ProductController.php(44): view('products/edit', null)
 2 SYSTEMPATH\CodeIgniter.php(942): App\Controllers\ProductController->edit('6')
 3 SYSTEMPATH\CodeIgniter.php(502): CodeIgniter\CodeIgniter->runController(Object(App\Controllers\ProductController))
 4 SYSTEMPATH\CodeIgniter.php(361): CodeIgniter\CodeIgniter->handleRequest(null, Object(Config\Cache), false)
 5 FCPATH\index.php(79): CodeIgniter\CodeIgniter->run()
 6 SYSTEMPATH\Commands\Server\rewrite.php(47): require_once('D:\\new server\\xampp\\htdocs\\Codeignetor-Backend\\public\\index.php')
INFO - 2023-12-23 06:58:59 --> Session: Class initialized using 'CodeIgniter\Session\Handlers\FileHandler' driver.
INFO - 2023-12-23 06:59:01 --> Session: Class initialized using 'CodeIgniter\Session\Handlers\FileHandler' driver.
INFO - 2023-12-23 06:59:02 --> Session: Class initialized using 'CodeIgniter\Session\Handlers\FileHandler' driver.
INFO - 2023-12-23 06:59:05 --> Session: Class initialized using 'CodeIgniter\Session\Handlers\FileHandler' driver.
INFO - 2023-12-23 06:59:15 --> Session: Class initialized using 'CodeIgniter\Session\Handlers\FileHandler' driver.
INFO - 2023-12-23 06:59:21 --> Session: Class initialized using 'CodeIgniter\Session\Handlers\FileHandler' driver.
INFO - 2023-12-23 06:59:44 --> Session: Class initialized using 'CodeIgniter\Session\Handlers\FileHandler' driver.
INFO - 2023-12-23 06:59:52 --> Session: Class initialized using 'CodeIgniter\Session\Handlers\FileHandler' driver.
INFO - 2023-12-23 07:00:08 --> Session: Class initialized using 'CodeIgniter\Session\Handlers\FileHandler' driver.
INFO - 2023-12-23 07:00:14 --> Session: Class initialized using 'CodeIgniter\Session\Handlers\FileHandler' driver.
INFO - 2023-12-23 07:00:20 --> Session: Class initialized using 'CodeIgniter\Session\Handlers\FileHandler' driver.
INFO - 2023-12-23 07:00:28 --> Session: Class initialized using 'CodeIgniter\Session\Handlers\FileHandler' driver.
INFO - 2023-12-23 07:00:33 --> Session: Class initialized using 'CodeIgniter\Session\Handlers\FileHandler' driver.
INFO - 2023-12-23 07:01:20 --> Session: Class initialized using 'CodeIgniter\Session\Handlers\FileHandler' driver.
INFO - 2023-12-23 07:01:26 --> Session: Class initialized using 'CodeIgniter\Session\Handlers\FileHandler' driver.
CRITICAL - 2023-12-23 07:01:28 --> view(): Argument #2 ($data) must be of type array, null given, called in D:\new server\xampp\htdocs\Codeignetor-Backend\app\Controllers\ProductController.php on line 44
in SYSTEMPATH\Common.php on line 1178.
 1 APPPATH\Controllers\ProductController.php(44): view('products/edit', null)
 2 SYSTEMPATH\CodeIgniter.php(942): App\Controllers\ProductController->edit('6')
 3 SYSTEMPATH\CodeIgniter.php(502): CodeIgniter\CodeIgniter->runController(Object(App\Controllers\ProductController))
 4 SYSTEMPATH\CodeIgniter.php(361): CodeIgniter\CodeIgniter->handleRequest(null, Object(Config\Cache), false)
 5 FCPATH\index.php(79): CodeIgniter\CodeIgniter->run()
 6 SYSTEMPATH\Commands\Server\rewrite.php(47): require_once('D:\\new server\\xampp\\htdocs\\Codeignetor-Backend\\public\\index.php')
INFO - 2023-12-23 07:01:30 --> Session: Class initialized using 'CodeIgniter\Session\Handlers\FileHandler' driver.
INFO - 2023-12-23 07:01:49 --> Session: Class initialized using 'CodeIgniter\Session\Handlers\FileHandler' driver.
INFO - 2023-12-23 07:03:12 --> Session: Class initialized using 'CodeIgniter\Session\Handlers\FileHandler' driver.
INFO - 2023-12-23 07:03:17 --> Session: Class initialized using 'CodeIgniter\Session\Handlers\FileHandler' driver.
INFO - 2023-12-23 07:07:26 --> Session: Class initialized using 'CodeIgniter\Session\Handlers\FileHandler' driver.
INFO - 2023-12-23 07:07:30 --> Session: Class initialized using 'CodeIgniter\Session\Handlers\FileHandler' driver.
INFO - 2023-12-23 07:09:14 --> Session: Class initialized using 'CodeIgniter\Session\Handlers\FileHandler' driver.
CRITICAL - 2023-12-23 07:09:18 --> Invalid file: "/enquries/edit.php"
in SYSTEMPATH\Exceptions\FrameworkException.php on line 39.
 1 SYSTEMPATH\View\View.php(216): CodeIgniter\Exceptions\FrameworkException::forInvalidFile('/enquries/edit.php')
 2 SYSTEMPATH\Common.php(1190): CodeIgniter\View\View->render('/enquries/edit', [], true)
 3 APPPATH\Controllers\EnquriesController.php(45): view('/enquries/edit', [...])
 4 SYSTEMPATH\CodeIgniter.php(942): App\Controllers\EnquriesController->edit('2')
 5 SYSTEMPATH\CodeIgniter.php(502): CodeIgniter\CodeIgniter->runController(Object(App\Controllers\EnquriesController))
 6 SYSTEMPATH\CodeIgniter.php(361): CodeIgniter\CodeIgniter->handleRequest(null, Object(Config\Cache), false)
 7 FCPATH\index.php(79): CodeIgniter\CodeIgniter->run()
 8 SYSTEMPATH\Commands\Server\rewrite.php(47): require_once('D:\\new server\\xampp\\htdocs\\Codeignetor-Backend\\public\\index.php')
CRITICAL - 2023-12-23 07:12:53 --> Invalid file: "enquries/edit.php"
in SYSTEMPATH\Exceptions\FrameworkException.php on line 39.
 1 SYSTEMPATH\View\View.php(216): CodeIgniter\Exceptions\FrameworkException::forInvalidFile('enquries/edit.php')
 2 SYSTEMPATH\Common.php(1190): CodeIgniter\View\View->render('enquries/edit', [], true)
 3 APPPATH\Controllers\EnquriesController.php(45): view('enquries/edit', [...])
 4 SYSTEMPATH\CodeIgniter.php(942): App\Controllers\EnquriesController->edit('2')
 5 SYSTEMPATH\CodeIgniter.php(502): CodeIgniter\CodeIgniter->runController(Object(App\Controllers\EnquriesController))
 6 SYSTEMPATH\CodeIgniter.php(361): CodeIgniter\CodeIgniter->handleRequest(null, Object(Config\Cache), false)
 7 FCPATH\index.php(79): CodeIgniter\CodeIgniter->run()
 8 SYSTEMPATH\Commands\Server\rewrite.php(47): require_once('D:\\new server\\xampp\\htdocs\\Codeignetor-Backend\\public\\index.php')
INFO - 2023-12-23 07:14:49 --> Session: Class initialized using 'CodeIgniter\Session\Handlers\FileHandler' driver.
INFO - 2023-12-23 07:14:50 --> Session: Class initialized using 'CodeIgniter\Session\Handlers\FileHandler' driver.
INFO - 2023-12-23 07:14:56 --> Session: Class initialized using 'CodeIgniter\Session\Handlers\FileHandler' driver.
CRITICAL - 2023-12-23 07:24:22 --> Invalid file: "enquries/edit.php"
in SYSTEMPATH\Exceptions\FrameworkException.php on line 39.
 1 SYSTEMPATH\View\View.php(216): CodeIgniter\Exceptions\FrameworkException::forInvalidFile('enquries/edit.php')
 2 SYSTEMPATH\Common.php(1190): CodeIgniter\View\View->render('enquries/edit', [], true)
 3 APPPATH\Controllers\EnquriesController.php(45): view('enquries/edit', [...])
 4 SYSTEMPATH\CodeIgniter.php(942): App\Controllers\EnquriesController->edit('2')
 5 SYSTEMPATH\CodeIgniter.php(502): CodeIgniter\CodeIgniter->runController(Object(App\Controllers\EnquriesController))
 6 SYSTEMPATH\CodeIgniter.php(361): CodeIgniter\CodeIgniter->handleRequest(null, Object(Config\Cache), false)
 7 FCPATH\index.php(79): CodeIgniter\CodeIgniter->run()
 8 SYSTEMPATH\Commands\Server\rewrite.php(47): require_once('D:\\new server\\xampp\\htdocs\\Codeignetor-Backend\\public\\index.php')
INFO - 2023-12-23 07:24:26 --> Session: Class initialized using 'CodeIgniter\Session\Handlers\FileHandler' driver.
INFO - 2023-12-23 07:24:28 --> Session: Class initialized using 'CodeIgniter\Session\Handlers\FileHandler' driver.
CRITICAL - 2023-12-23 07:24:31 --> Invalid file: "enquries/edit.php"
in SYSTEMPATH\Exceptions\FrameworkException.php on line 39.
 1 SYSTEMPATH\View\View.php(216): CodeIgniter\Exceptions\FrameworkException::forInvalidFile('enquries/edit.php')
 2 SYSTEMPATH\Common.php(1190): CodeIgniter\View\View->render('enquries/edit', [], true)
 3 APPPATH\Controllers\EnquriesController.php(45): view('enquries/edit', [...])
 4 SYSTEMPATH\CodeIgniter.php(942): App\Controllers\EnquriesController->edit('2')
 5 SYSTEMPATH\CodeIgniter.php(502): CodeIgniter\CodeIgniter->runController(Object(App\Controllers\EnquriesController))
 6 SYSTEMPATH\CodeIgniter.php(361): CodeIgniter\CodeIgniter->handleRequest(null, Object(Config\Cache), false)
 7 FCPATH\index.php(79): CodeIgniter\CodeIgniter->run()
 8 SYSTEMPATH\Commands\Server\rewrite.php(47): require_once('D:\\new server\\xampp\\htdocs\\Codeignetor-Backend\\public\\index.php')
INFO - 2023-12-23 07:29:32 --> Session: Class initialized using 'CodeIgniter\Session\Handlers\FileHandler' driver.
INFO - 2023-12-23 07:29:33 --> Session: Class initialized using 'CodeIgniter\Session\Handlers\FileHandler' driver.
INFO - 2023-12-23 07:29:39 --> Session: Class initialized using 'CodeIgniter\Session\Handlers\FileHandler' driver.
INFO - 2023-12-23 07:31:05 --> Session: Class initialized using 'CodeIgniter\Session\Handlers\FileHandler' driver.
INFO - 2023-12-23 07:33:52 --> Session: Class initialized using 'CodeIgniter\Session\Handlers\FileHandler' driver.
INFO - 2023-12-23 07:33:58 --> Session: Class initialized using 'CodeIgniter\Session\Handlers\FileHandler' driver.
INFO - 2023-12-23 07:34:26 --> Session: Class initialized using 'CodeIgniter\Session\Handlers\FileHandler' driver.
INFO - 2023-12-23 07:34:30 --> Session: Class initialized using 'CodeIgniter\Session\Handlers\FileHandler' driver.
INFO - 2023-12-23 07:36:22 --> Session: Class initialized using 'CodeIgniter\Session\Handlers\FileHandler' driver.
INFO - 2023-12-23 07:36:28 --> Session: Class initialized using 'CodeIgniter\Session\Handlers\FileHandler' driver.
CRITICAL - 2023-12-23 07:36:31 --> view(): Argument #2 ($data) must be of type array, null given, called in D:\new server\xampp\htdocs\Codeignetor-Backend\app\Controllers\ProductController.php on line 44
in SYSTEMPATH\Common.php on line 1178.
 1 APPPATH\Controllers\ProductController.php(44): view('products/edit', null)
 2 SYSTEMPATH\CodeIgniter.php(942): App\Controllers\ProductController->edit('6')
 3 SYSTEMPATH\CodeIgniter.php(502): CodeIgniter\CodeIgniter->runController(Object(App\Controllers\ProductController))
 4 SYSTEMPATH\CodeIgniter.php(361): CodeIgniter\CodeIgniter->handleRequest(null, Object(Config\Cache), false)
 5 FCPATH\index.php(79): CodeIgniter\CodeIgniter->run()
 6 SYSTEMPATH\Commands\Server\rewrite.php(47): require_once('D:\\new server\\xampp\\htdocs\\Codeignetor-Backend\\public\\index.php')
INFO - 2023-12-23 07:36:33 --> Session: Class initialized using 'CodeIgniter\Session\Handlers\FileHandler' driver.
CRITICAL - 2023-12-23 07:36:39 --> view(): Argument #2 ($data) must be of type array, null given, called in D:\new server\xampp\htdocs\Codeignetor-Backend\app\Controllers\ProductController.php on line 44
in SYSTEMPATH\Common.php on line 1178.
 1 APPPATH\Controllers\ProductController.php(44): view('products/edit', null)
 2 SYSTEMPATH\CodeIgniter.php(942): App\Controllers\ProductController->edit('7')
 3 SYSTEMPATH\CodeIgniter.php(502): CodeIgniter\CodeIgniter->runController(Object(App\Controllers\ProductController))
 4 SYSTEMPATH\CodeIgniter.php(361): CodeIgniter\CodeIgniter->handleRequest(null, Object(Config\Cache), false)
 5 FCPATH\index.php(79): CodeIgniter\CodeIgniter->run()
 6 SYSTEMPATH\Commands\Server\rewrite.php(47): require_once('D:\\new server\\xampp\\htdocs\\Codeignetor-Backend\\public\\index.php')
INFO - 2023-12-23 07:36:46 --> Session: Class initialized using 'CodeIgniter\Session\Handlers\FileHandler' driver.
INFO - 2023-12-23 07:36:54 --> Session: Class initialized using 'CodeIgniter\Session\Handlers\FileHandler' driver.
INFO - 2023-12-23 07:37:20 --> Session: Class initialized using 'CodeIgniter\Session\Handlers\FileHandler' driver.
INFO - 2023-12-23 07:38:11 --> Session: Class initialized using 'CodeIgniter\Session\Handlers\FileHandler' driver.
INFO - 2023-12-23 07:39:45 --> Session: Class initialized using 'CodeIgniter\Session\Handlers\FileHandler' driver.
INFO - 2023-12-23 07:39:55 --> Session: Class initialized using 'CodeIgniter\Session\Handlers\FileHandler' driver.
INFO - 2023-12-23 07:40:05 --> Session: Class initialized using 'CodeIgniter\Session\Handlers\FileHandler' driver.
INFO - 2023-12-23 07:40:07 --> Session: Class initialized using 'CodeIgniter\Session\Handlers\FileHandler' driver.
INFO - 2023-12-23 07:40:18 --> Session: Class initialized using 'CodeIgniter\Session\Handlers\FileHandler' driver.
CRITICAL - 2023-12-23 07:42:40 --> view(): Argument #2 ($data) must be of type array, null given, called in D:\new server\xampp\htdocs\Codeignetor-Backend\app\Controllers\ProductController.php on line 44
in SYSTEMPATH\Common.php on line 1178.
 1 APPPATH\Controllers\ProductController.php(44): view('products/edit', null)
 2 SYSTEMPATH\CodeIgniter.php(942): App\Controllers\ProductController->edit('10')
 3 SYSTEMPATH\CodeIgniter.php(502): CodeIgniter\CodeIgniter->runController(Object(App\Controllers\ProductController))
 4 SYSTEMPATH\CodeIgniter.php(361): CodeIgniter\CodeIgniter->handleRequest(null, Object(Config\Cache), false)
 5 FCPATH\index.php(79): CodeIgniter\CodeIgniter->run()
 6 SYSTEMPATH\Commands\Server\rewrite.php(47): require_once('D:\\new server\\xampp\\htdocs\\Codeignetor-Backend\\public\\index.php')
INFO - 2023-12-23 07:42:45 --> Session: Class initialized using 'CodeIgniter\Session\Handlers\FileHandler' driver.
INFO - 2023-12-23 07:42:46 --> Session: Class initialized using 'CodeIgniter\Session\Handlers\FileHandler' driver.
INFO - 2023-12-23 07:42:47 --> Session: Class initialized using 'CodeIgniter\Session\Handlers\FileHandler' driver.
CRITICAL - 2023-12-23 07:42:49 --> view(): Argument #2 ($data) must be of type array, null given, called in D:\new server\xampp\htdocs\Codeignetor-Backend\app\Controllers\ProductController.php on line 44
in SYSTEMPATH\Common.php on line 1178.
 1 APPPATH\Controllers\ProductController.php(44): view('products/edit', null)
 2 SYSTEMPATH\CodeIgniter.php(942): App\Controllers\ProductController->edit('8')
 3 SYSTEMPATH\CodeIgniter.php(502): CodeIgniter\CodeIgniter->runController(Object(App\Controllers\ProductController))
 4 SYSTEMPATH\CodeIgniter.php(361): CodeIgniter\CodeIgniter->handleRequest(null, Object(Config\Cache), false)
 5 FCPATH\index.php(79): CodeIgniter\CodeIgniter->run()
 6 SYSTEMPATH\Commands\Server\rewrite.php(47): require_once('D:\\new server\\xampp\\htdocs\\Codeignetor-Backend\\public\\index.php')
INFO - 2023-12-23 07:42:50 --> Session: Class initialized using 'CodeIgniter\Session\Handlers\FileHandler' driver.
INFO - 2023-12-23 07:42:57 --> Session: Class initialized using 'CodeIgniter\Session\Handlers\FileHandler' driver.
INFO - 2023-12-23 07:42:58 --> Session: Class initialized using 'CodeIgniter\Session\Handlers\FileHandler' driver.
INFO - 2023-12-23 07:42:58 --> Session: Class initialized using 'CodeIgniter\Session\Handlers\FileHandler' driver.
INFO - 2023-12-23 07:42:58 --> Session: Class initialized using 'CodeIgniter\Session\Handlers\FileHandler' driver.
INFO - 2023-12-23 07:42:59 --> Session: Class initialized using 'CodeIgniter\Session\Handlers\FileHandler' driver.
INFO - 2023-12-23 07:42:59 --> Session: Class initialized using 'CodeIgniter\Session\Handlers\FileHandler' driver.
INFO - 2023-12-23 07:42:59 --> Session: Class initialized using 'CodeIgniter\Session\Handlers\FileHandler' driver.
INFO - 2023-12-23 07:42:59 --> Session: Class initialized using 'CodeIgniter\Session\Handlers\FileHandler' driver.
INFO - 2023-12-23 07:42:59 --> Session: Class initialized using 'CodeIgniter\Session\Handlers\FileHandler' driver.
CRITICAL - 2023-12-23 07:43:44 --> view(): Argument #2 ($data) must be of type array, null given, called in D:\new server\xampp\htdocs\Codeignetor-Backend\app\Controllers\ProductController.php on line 44
in SYSTEMPATH\Common.php on line 1178.
 1 APPPATH\Controllers\ProductController.php(44): view('products/edit', null)
 2 SYSTEMPATH\CodeIgniter.php(942): App\Controllers\ProductController->edit('6')
 3 SYSTEMPATH\CodeIgniter.php(502): CodeIgniter\CodeIgniter->runController(Object(App\Controllers\ProductController))
 4 SYSTEMPATH\CodeIgniter.php(361): CodeIgniter\CodeIgniter->handleRequest(null, Object(Config\Cache), false)
 5 FCPATH\index.php(79): CodeIgniter\CodeIgniter->run()
 6 SYSTEMPATH\Commands\Server\rewrite.php(47): require_once('D:\\new server\\xampp\\htdocs\\Codeignetor-Backend\\public\\index.php')
INFO - 2023-12-23 07:43:47 --> Session: Class initialized using 'CodeIgniter\Session\Handlers\FileHandler' driver.
INFO - 2023-12-23 07:52:14 --> Session: Class initialized using 'CodeIgniter\Session\Handlers\FileHandler' driver.
INFO - 2023-12-23 07:52:20 --> Session: Class initialized using 'CodeIgniter\Session\Handlers\FileHandler' driver.
INFO - 2023-12-23 07:52:22 --> Session: Class initialized using 'CodeIgniter\Session\Handlers\FileHandler' driver.
INFO - 2023-12-23 07:52:25 --> Session: Class initialized using 'CodeIgniter\Session\Handlers\FileHandler' driver.
INFO - 2023-12-23 08:01:50 --> Session: Class initialized using 'CodeIgniter\Session\Handlers\FileHandler' driver.
INFO - 2023-12-23 08:02:47 --> Session: Class initialized using 'CodeIgniter\Session\Handlers\FileHandler' driver.
CRITICAL - 2023-12-23 08:02:51 --> view(): Argument #2 ($data) must be of type array, null given, called in D:\new server\xampp\htdocs\Codeignetor-Backend\app\Controllers\ProductController.php on line 44
in SYSTEMPATH\Common.php on line 1178.
 1 APPPATH\Controllers\ProductController.php(44): view('products/edit', null)
 2 SYSTEMPATH\CodeIgniter.php(942): App\Controllers\ProductController->edit('6')
 3 SYSTEMPATH\CodeIgniter.php(502): CodeIgniter\CodeIgniter->runController(Object(App\Controllers\ProductController))
 4 SYSTEMPATH\CodeIgniter.php(361): CodeIgniter\CodeIgniter->handleRequest(null, Object(Config\Cache), false)
 5 FCPATH\index.php(79): CodeIgniter\CodeIgniter->run()
 6 SYSTEMPATH\Commands\Server\rewrite.php(47): require_once('D:\\new server\\xampp\\htdocs\\Codeignetor-Backend\\public\\index.php')
INFO - 2023-12-23 08:29:06 --> Session: Class initialized using 'CodeIgniter\Session\Handlers\FileHandler' driver.
INFO - 2023-12-23 08:29:10 --> Session: Class initialized using 'CodeIgniter\Session\Handlers\FileHandler' driver.
INFO - 2023-12-23 08:29:13 --> Session: Class initialized using 'CodeIgniter\Session\Handlers\FileHandler' driver.
INFO - 2023-12-23 08:33:40 --> Session: Class initialized using 'CodeIgniter\Session\Handlers\FileHandler' driver.
INFO - 2023-12-23 08:33:49 --> Session: Class initialized using 'CodeIgniter\Session\Handlers\FileHandler' driver.
